{"/home/travis/build/npmtest/node-npmtest-hoodie-cli/test.js":{"path":"/home/travis/build/npmtest/node-npmtest-hoodie-cli/test.js","s":{"1":2,"2":2,"3":2,"4":2,"5":2,"6":2,"7":2,"8":1,"9":2,"10":2,"11":1,"12":1,"13":1,"14":1,"15":2,"16":2,"17":2,"18":2,"19":1,"20":1,"21":2,"22":2,"23":2,"24":1,"25":1,"26":1,"27":1,"28":1,"29":1,"30":1,"31":1,"32":1,"33":1,"34":1,"35":1,"36":1,"37":1,"38":1,"39":2,"40":2,"41":1,"42":2,"43":2,"44":1,"45":2,"46":2,"47":1,"48":2,"49":2,"50":1,"51":1,"52":1,"53":1,"54":1},"b":{"1":[2,1,1,1],"2":[1,1,1,1],"3":[1,1],"4":[1,1],"5":[1,1],"6":[1,1],"7":[1,1],"8":[1,1],"9":[1,1],"10":[1,1,1],"11":[1,1],"12":[1,1],"13":[1,1],"14":[1,1],"15":[1,1],"16":[1,1],"17":[1,1]},"f":{"1":2,"2":2,"3":2,"4":2,"5":2,"6":1,"7":1,"8":1,"9":2,"10":2,"11":2,"12":2,"13":1},"fnMap":{"1":{"name":"(anonymous_1)","line":12,"loc":{"start":{"line":12,"column":1},"end":{"line":12,"column":13}}},"2":{"name":"(anonymous_2)","line":19,"loc":{"start":{"line":19,"column":5},"end":{"line":19,"column":17}}},"3":{"name":"(anonymous_3)","line":23,"loc":{"start":{"line":23,"column":24},"end":{"line":23,"column":36}}},"4":{"name":"(anonymous_4)","line":61,"loc":{"start":{"line":61,"column":5},"end":{"line":61,"column":17}}},"5":{"name":"(anonymous_5)","line":82,"loc":{"start":{"line":82,"column":5},"end":{"line":82,"column":17}}},"6":{"name":"(anonymous_6)","line":91,"loc":{"start":{"line":91,"column":77},"end":{"line":94,"column":10}}},"7":{"name":"(anonymous_7)","line":112,"loc":{"start":{"line":112,"column":83},"end":{"line":115,"column":10}},"skip":true},"8":{"name":"(anonymous_8)","line":123,"loc":{"start":{"line":123,"column":77},"end":{"line":126,"column":10}},"skip":true},"9":{"name":"(anonymous_9)","line":139,"loc":{"start":{"line":139,"column":12},"end":{"line":139,"column":40}},"skip":true},"10":{"name":"(anonymous_10)","line":147,"loc":{"start":{"line":147,"column":77},"end":{"line":150,"column":10}},"skip":true},"11":{"name":"(anonymous_11)","line":158,"loc":{"start":{"line":158,"column":83},"end":{"line":161,"column":10}},"skip":true},"12":{"name":"(anonymous_12)","line":169,"loc":{"start":{"line":169,"column":79},"end":{"line":172,"column":10}},"skip":true},"13":{"name":"(anonymous_13)","line":180,"loc":{"start":{"line":180,"column":75},"end":{"line":183,"column":10}},"skip":true}},"statementMap":{"1":{"start":{"line":12,"column":0},"end":{"line":195,"column":5}},"2":{"start":{"line":14,"column":4},"end":{"line":14,"column":14}},"3":{"start":{"line":19,"column":4},"end":{"line":56,"column":9}},"4":{"start":{"line":21,"column":8},"end":{"line":21,"column":19}},"5":{"start":{"line":23,"column":8},"end":{"line":35,"column":13}},"6":{"start":{"line":24,"column":12},"end":{"line":34,"column":13}},"7":{"start":{"line":25,"column":16},"end":{"line":28,"column":30}},"8":{"start":{"line":30,"column":16},"end":{"line":33,"column":27}},"9":{"start":{"line":37,"column":8},"end":{"line":39,"column":21}},"10":{"start":{"line":40,"column":8},"end":{"line":53,"column":9}},"11":{"start":{"line":43,"column":12},"end":{"line":46,"column":14}},"12":{"start":{"line":47,"column":12},"end":{"line":47,"column":18}},"13":{"start":{"line":50,"column":12},"end":{"line":51,"column":33}},"14":{"start":{"line":52,"column":12},"end":{"line":52,"column":18}},"15":{"start":{"line":55,"column":8},"end":{"line":55,"column":35}},"16":{"start":{"line":61,"column":4},"end":{"line":63,"column":9}},"17":{"start":{"line":62,"column":8},"end":{"line":62,"column":15}},"18":{"start":{"line":64,"column":4},"end":{"line":77,"column":5}},"19":{"start":{"line":70,"column":8},"end":{"line":70,"column":14}},"20":{"start":{"line":76,"column":8},"end":{"line":76,"column":14}},"21":{"start":{"line":82,"column":4},"end":{"line":84,"column":9}},"22":{"start":{"line":83,"column":8},"end":{"line":83,"column":15}},"23":{"start":{"line":85,"column":4},"end":{"line":194,"column":5}},"24":{"start":{"line":91,"column":8},"end":{"line":99,"column":10}},"25":{"start":{"line":98,"column":12},"end":{"line":98,"column":35}},"26":{"start":{"line":102,"column":8},"end":{"line":104,"column":63}},"27":{"start":{"line":105,"column":8},"end":{"line":105,"column":14}},"28":{"start":{"line":112,"column":8},"end":{"line":121,"column":10},"skip":true},"29":{"start":{"line":119,"column":12},"end":{"line":119,"column":55},"skip":true},"30":{"start":{"line":120,"column":12},"end":{"line":120,"column":48},"skip":true},"31":{"start":{"line":123,"column":8},"end":{"line":136,"column":10},"skip":true},"32":{"start":{"line":130,"column":12},"end":{"line":130,"column":76},"skip":true},"33":{"start":{"line":131,"column":12},"end":{"line":131,"column":73},"skip":true},"34":{"start":{"line":132,"column":12},"end":{"line":132,"column":74},"skip":true},"35":{"start":{"line":133,"column":12},"end":{"line":133,"column":79},"skip":true},"36":{"start":{"line":134,"column":12},"end":{"line":134,"column":25},"skip":true},"37":{"start":{"line":135,"column":12},"end":{"line":135,"column":45},"skip":true},"38":{"start":{"line":138,"column":8},"end":{"line":145,"column":14},"skip":true},"39":{"start":{"line":143,"column":16},"end":{"line":143,"column":29},"skip":true},"40":{"start":{"line":144,"column":16},"end":{"line":144,"column":55},"skip":true},"41":{"start":{"line":147,"column":8},"end":{"line":156,"column":10},"skip":true},"42":{"start":{"line":154,"column":12},"end":{"line":154,"column":25},"skip":true},"43":{"start":{"line":155,"column":12},"end":{"line":155,"column":45},"skip":true},"44":{"start":{"line":158,"column":8},"end":{"line":167,"column":10},"skip":true},"45":{"start":{"line":165,"column":12},"end":{"line":165,"column":25},"skip":true},"46":{"start":{"line":166,"column":12},"end":{"line":166,"column":48},"skip":true},"47":{"start":{"line":169,"column":8},"end":{"line":178,"column":10},"skip":true},"48":{"start":{"line":176,"column":12},"end":{"line":176,"column":25},"skip":true},"49":{"start":{"line":177,"column":12},"end":{"line":177,"column":46},"skip":true},"50":{"start":{"line":180,"column":8},"end":{"line":189,"column":10},"skip":true},"51":{"start":{"line":187,"column":12},"end":{"line":187,"column":94},"skip":true},"52":{"start":{"line":188,"column":12},"end":{"line":188,"column":48},"skip":true},"53":{"start":{"line":192,"column":8},"end":{"line":192,"column":35},"skip":true},"54":{"start":{"line":193,"column":8},"end":{"line":193,"column":14},"skip":true}},"branchMap":{"1":{"line":25,"type":"binary-expr","locations":[{"start":{"line":25,"column":23},"end":{"line":25,"column":62}},{"start":{"line":26,"column":20},"end":{"line":26,"column":70}},{"start":{"line":27,"column":20},"end":{"line":27,"column":71}},{"start":{"line":28,"column":20},"end":{"line":28,"column":29}}]},"2":{"line":30,"type":"binary-expr","locations":[{"start":{"line":30,"column":23},"end":{"line":30,"column":37}},{"start":{"line":31,"column":20},"end":{"line":31,"column":61}},{"start":{"line":32,"column":20},"end":{"line":32,"column":70}},{"start":{"line":33,"column":20},"end":{"line":33,"column":26}}]},"3":{"line":37,"type":"cond-expr","locations":[{"start":{"line":38,"column":14},"end":{"line":38,"column":20}},{"start":{"line":39,"column":14},"end":{"line":39,"column":20}}]},"4":{"line":40,"type":"switch","locations":[{"start":{"line":42,"column":8},"end":{"line":47,"column":18}},{"start":{"line":49,"column":8},"end":{"line":52,"column":18}}]},"5":{"line":44,"type":"binary-expr","locations":[{"start":{"line":44,"column":16},"end":{"line":44,"column":44}},{"start":{"line":44,"column":48},"end":{"line":44,"column":66}}]},"6":{"line":50,"type":"binary-expr","locations":[{"start":{"line":50,"column":21},"end":{"line":50,"column":49}},{"start":{"line":50,"column":53},"end":{"line":50,"column":72}}]},"7":{"line":64,"type":"switch","locations":[{"start":{"line":69,"column":4},"end":{"line":70,"column":14}},{"start":{"line":75,"column":4},"end":{"line":76,"column":14}}]},"8":{"line":85,"type":"switch","locations":[{"start":{"line":90,"column":4},"end":{"line":105,"column":14}},{"start":{"line":111,"column":4},"end":{"line":193,"column":14},"skip":true}]},"9":{"line":91,"type":"binary-expr","locations":[{"start":{"line":91,"column":42},"end":{"line":91,"column":73}},{"start":{"line":91,"column":77},"end":{"line":99,"column":9}}]},"10":{"line":102,"type":"binary-expr","locations":[{"start":{"line":102,"column":18},"end":{"line":102,"column":32}},{"start":{"line":103,"column":12},"end":{"line":103,"column":53}},{"start":{"line":104,"column":12},"end":{"line":104,"column":61}}]},"11":{"line":112,"type":"binary-expr","locations":[{"start":{"line":112,"column":45},"end":{"line":112,"column":79},"skip":true},{"start":{"line":112,"column":83},"end":{"line":121,"column":9},"skip":true}]},"12":{"line":123,"type":"binary-expr","locations":[{"start":{"line":123,"column":42},"end":{"line":123,"column":73},"skip":true},{"start":{"line":123,"column":77},"end":{"line":136,"column":9},"skip":true}]},"13":{"line":138,"type":"binary-expr","locations":[{"start":{"line":138,"column":48},"end":{"line":138,"column":85},"skip":true},{"start":{"line":139,"column":12},"end":{"line":145,"column":13},"skip":true}]},"14":{"line":147,"type":"binary-expr","locations":[{"start":{"line":147,"column":42},"end":{"line":147,"column":73},"skip":true},{"start":{"line":147,"column":77},"end":{"line":156,"column":9},"skip":true}]},"15":{"line":158,"type":"binary-expr","locations":[{"start":{"line":158,"column":45},"end":{"line":158,"column":79},"skip":true},{"start":{"line":158,"column":83},"end":{"line":167,"column":9},"skip":true}]},"16":{"line":169,"type":"binary-expr","locations":[{"start":{"line":169,"column":43},"end":{"line":169,"column":75},"skip":true},{"start":{"line":169,"column":79},"end":{"line":178,"column":9},"skip":true}]},"17":{"line":180,"type":"binary-expr","locations":[{"start":{"line":180,"column":41},"end":{"line":180,"column":71},"skip":true},{"start":{"line":180,"column":75},"end":{"line":189,"column":9},"skip":true}]}},"code":["/* istanbul instrument in package npmtest_hoodie_cli */","/*jslint","    bitwise: true,","    browser: true,","    maxerr: 8,","    maxlen: 96,","    node: true,","    nomen: true,","    regexp: true,","    stupid: true","*/","(function () {","    'use strict';","    var local;","","","","    // run shared js-env code - init-before","    (function () {","        // init local","        local = {};","        // init modeJs","        local.modeJs = (function () {","            try {","                return typeof navigator.userAgent === 'string' &&","                    typeof document.querySelector('body') === 'object' &&","                    typeof XMLHttpRequest.prototype.open === 'function' &&","                    'browser';","            } catch (errorCaughtBrowser) {","                return module.exports &&","                    typeof process.versions.node === 'string' &&","                    typeof require('http').createServer === 'function' &&","                    'node';","            }","        }());","        // init global","        local.global = local.modeJs === 'browser'","            ? window","            : global;","        switch (local.modeJs) {","        // re-init local from window.local","        case 'browser':","            local = local.global.utility2.objectSetDefault(","                local.global.utility2_rollup || local.global.local,","                local.global.utility2","            );","            break;","        // re-init local from example.js","        case 'node':","            local = (local.global.utility2_rollup || require('utility2'))","                .requireReadme();","            break;","        }","        // export local","        local.global.local = local;","    }());","","","","    // run shared js-env code - function","    (function () {","        return;","    }());","    switch (local.modeJs) {","","","","    // run browser js-env code - function","    case 'browser':","        break;","","","","    // run node js-env code - function","    case 'node':","        break;","    }","","","","    // run shared js-env code - init-after","    (function () {","        return;","    }());","    switch (local.modeJs) {","","","","    // run browser js-env code - init-after","    case 'browser':","        local.testCase_browser_nullCase = local.testCase_browser_nullCase || function (","            options,","            onError","        ) {","        /*","         * this function will test browsers's null-case handling-behavior-behavior","         */","            onError(null, options);","        };","","        // run tests","        local.nop(local.modeTest &&","            document.querySelector('#testRunButton1') &&","            document.querySelector('#testRunButton1').click());","        break;","","","","    // run node js-env code - init-after","    /* istanbul ignore next */","    case 'node':","        local.testCase_buildApidoc_default = local.testCase_buildApidoc_default || function (","            options,","            onError","        ) {","        /*","         * this function will test buildApidoc's default handling-behavior-behavior","         */","            options = { modulePathList: module.paths };","            local.buildApidoc(options, onError);","        };","","        local.testCase_buildApp_default = local.testCase_buildApp_default || function (","            options,","            onError","        ) {","        /*","         * this function will test buildApp's default handling-behavior-behavior","         */","            local.testCase_buildReadme_default(options, local.onErrorThrow);","            local.testCase_buildLib_default(options, local.onErrorThrow);","            local.testCase_buildTest_default(options, local.onErrorThrow);","            local.testCase_buildCustomOrg_default(options, local.onErrorThrow);","            options = [];","            local.buildApp(options, onError);","        };","","        local.testCase_buildCustomOrg_default = local.testCase_buildCustomOrg_default ||","            function (options, onError) {","            /*","             * this function will test buildCustomOrg's default handling-behavior","             */","                options = {};","                local.buildCustomOrg(options, onError);","            };","","        local.testCase_buildLib_default = local.testCase_buildLib_default || function (","            options,","            onError","        ) {","        /*","         * this function will test buildLib's default handling-behavior","         */","            options = {};","            local.buildLib(options, onError);","        };","","        local.testCase_buildReadme_default = local.testCase_buildReadme_default || function (","            options,","            onError","        ) {","        /*","         * this function will test buildReadme's default handling-behavior-behavior","         */","            options = {};","            local.buildReadme(options, onError);","        };","","        local.testCase_buildTest_default = local.testCase_buildTest_default || function (","            options,","            onError","        ) {","        /*","         * this function will test buildTest's default handling-behavior","         */","            options = {};","            local.buildTest(options, onError);","        };","","        local.testCase_webpage_default = local.testCase_webpage_default || function (","            options,","            onError","        ) {","        /*","         * this function will test webpage's default handling-behavior","         */","            options = { modeCoverageMerge: true, url: local.serverLocalHost + '?modeTest=1' };","            local.browserTest(options, onError);","        };","","        // run test-server","        local.testRunServer(local);","        break;","    }","}());",""],"l":{"12":2,"14":2,"19":2,"21":2,"23":2,"24":2,"25":2,"30":1,"37":2,"40":2,"43":1,"47":1,"50":1,"52":1,"55":2,"61":2,"62":2,"64":2,"70":1,"76":1,"82":2,"83":2,"85":2,"91":1,"98":1,"102":1,"105":1,"112":1,"119":1,"120":1,"123":1,"130":1,"131":1,"132":1,"133":1,"134":1,"135":1,"138":1,"143":2,"144":2,"147":1,"154":2,"155":2,"158":1,"165":2,"166":2,"169":1,"176":2,"177":2,"180":1,"187":1,"188":1,"192":1,"193":1}},"/home/travis/build/npmtest/node-npmtest-hoodie-cli/lib.npmtest_hoodie_cli.js":{"path":"/home/travis/build/npmtest/node-npmtest-hoodie-cli/lib.npmtest_hoodie_cli.js","s":{"1":2,"2":2,"3":2,"4":2,"5":2,"6":2,"7":2,"8":1,"9":2,"10":2,"11":2,"12":2,"13":1,"14":1,"15":1,"16":1},"b":{"1":[2,1,1,1],"2":[1,1,1,1],"3":[1,1],"4":[2,2],"5":[1,1]},"f":{"1":2,"2":2,"3":2},"fnMap":{"1":{"name":"(anonymous_1)","line":12,"loc":{"start":{"line":12,"column":1},"end":{"line":12,"column":13}}},"2":{"name":"(anonymous_2)","line":19,"loc":{"start":{"line":19,"column":5},"end":{"line":19,"column":17}}},"3":{"name":"(anonymous_3)","line":23,"loc":{"start":{"line":23,"column":24},"end":{"line":23,"column":36}}}},"statementMap":{"1":{"start":{"line":12,"column":0},"end":{"line":53,"column":5}},"2":{"start":{"line":14,"column":4},"end":{"line":14,"column":14}},"3":{"start":{"line":19,"column":4},"end":{"line":52,"column":9}},"4":{"start":{"line":21,"column":8},"end":{"line":21,"column":19}},"5":{"start":{"line":23,"column":8},"end":{"line":35,"column":13}},"6":{"start":{"line":24,"column":12},"end":{"line":34,"column":13}},"7":{"start":{"line":25,"column":16},"end":{"line":28,"column":30}},"8":{"start":{"line":30,"column":16},"end":{"line":33,"column":27}},"9":{"start":{"line":37,"column":8},"end":{"line":39,"column":21}},"10":{"start":{"line":41,"column":8},"end":{"line":41,"column":54}},"11":{"start":{"line":43,"column":8},"end":{"line":43,"column":55}},"12":{"start":{"line":45,"column":8},"end":{"line":51,"column":9}},"13":{"start":{"line":46,"column":12},"end":{"line":46,"column":61}},"14":{"start":{"line":48,"column":12},"end":{"line":48,"column":35}},"15":{"start":{"line":49,"column":12},"end":{"line":49,"column":49}},"16":{"start":{"line":50,"column":12},"end":{"line":50,"column":43}}},"branchMap":{"1":{"line":25,"type":"binary-expr","locations":[{"start":{"line":25,"column":23},"end":{"line":25,"column":62}},{"start":{"line":26,"column":20},"end":{"line":26,"column":70}},{"start":{"line":27,"column":20},"end":{"line":27,"column":71}},{"start":{"line":28,"column":20},"end":{"line":28,"column":29}}]},"2":{"line":30,"type":"binary-expr","locations":[{"start":{"line":30,"column":23},"end":{"line":30,"column":37}},{"start":{"line":31,"column":20},"end":{"line":31,"column":61}},{"start":{"line":32,"column":20},"end":{"line":32,"column":70}},{"start":{"line":33,"column":20},"end":{"line":33,"column":26}}]},"3":{"line":37,"type":"cond-expr","locations":[{"start":{"line":38,"column":14},"end":{"line":38,"column":20}},{"start":{"line":39,"column":14},"end":{"line":39,"column":20}}]},"4":{"line":41,"type":"binary-expr","locations":[{"start":{"line":41,"column":16},"end":{"line":41,"column":44}},{"start":{"line":41,"column":48},"end":{"line":41,"column":53}}]},"5":{"line":45,"type":"if","locations":[{"start":{"line":45,"column":8},"end":{"line":45,"column":8}},{"start":{"line":45,"column":8},"end":{"line":45,"column":8}}]}},"code":["/* istanbul instrument in package npmtest_hoodie_cli */","/*jslint","    bitwise: true,","    browser: true,","    maxerr: 8,","    maxlen: 96,","    node: true,","    nomen: true,","    regexp: true,","    stupid: true","*/","(function () {","    'use strict';","    var local;","","","","    // run shared js-env code - init-before","    (function () {","        // init local","        local = {};","        // init modeJs","        local.modeJs = (function () {","            try {","                return typeof navigator.userAgent === 'string' &&","                    typeof document.querySelector('body') === 'object' &&","                    typeof XMLHttpRequest.prototype.open === 'function' &&","                    'browser';","            } catch (errorCaughtBrowser) {","                return module.exports &&","                    typeof process.versions.node === 'string' &&","                    typeof require('http').createServer === 'function' &&","                    'node';","            }","        }());","        // init global","        local.global = local.modeJs === 'browser'","            ? window","            : global;","        // init utility2_rollup","        local = local.global.utility2_rollup || local;","        // init lib","        local.local = local.npmtest_hoodie_cli = local;","        // init exports","        if (local.modeJs === 'browser') {","            local.global.utility2_npmtest_hoodie_cli = local;","        } else {","            module.exports = local;","            module.exports.__dirname = __dirname;","            module.exports.module = module;","        }","    }());","}());",""],"l":{"12":2,"14":2,"19":2,"21":2,"23":2,"24":2,"25":2,"30":1,"37":2,"41":2,"43":2,"45":2,"46":1,"48":1,"49":1,"50":1}},"/home/travis/build/npmtest/node-npmtest-hoodie-cli/example.js":{"path":"/home/travis/build/npmtest/node-npmtest-hoodie-cli/example.js","s":{"1":2,"2":2,"3":2,"4":2,"5":2,"6":2,"7":2,"8":1,"9":2,"10":2,"11":2,"12":2,"13":1,"14":2,"15":2,"16":2,"17":2,"18":2,"19":0,"20":2,"21":1,"22":1,"23":1,"24":1,"25":1,"26":0,"27":0,"28":1,"29":1,"30":2,"31":0,"32":0,"33":0,"34":1,"35":2,"36":2,"37":3,"38":3,"39":3,"40":3,"41":0,"42":3,"43":3,"44":3,"45":1,"46":3,"47":1,"48":1,"49":1,"50":1,"51":1,"52":1,"53":1,"54":1,"55":1,"56":1,"57":0,"58":1,"59":6,"60":6,"61":1,"62":2,"63":0,"64":2,"65":1,"66":1,"67":0,"68":0,"69":0,"70":0,"71":0,"72":0,"73":0,"74":0,"75":0,"76":0,"77":0,"78":0,"79":0,"80":0,"81":0,"82":0,"83":0},"b":{"1":[2,1,1,1],"2":[1,1,1,1],"3":[1,1],"4":[2,2],"5":[1,1],"6":[1,1],"7":[2,0],"8":[2,1,1,1,1,1],"9":[0,2,0],"10":[1,1],"11":[2,1,1],"12":[1,0],"13":[0,2],"14":[2,0,0,0,0,0,0],"15":[0,3],"16":[3,0],"17":[1,1],"18":[0,1],"19":[1,2,0,2],"20":[1,0],"21":[1,1],"22":[0,0],"23":[0,0],"24":[0,0],"25":[0,0],"26":[0,0],"27":[0,0],"28":[0,0]},"f":{"1":2,"2":2,"3":2,"4":2,"5":2,"6":2,"7":3,"8":3,"9":3,"10":1,"11":6,"12":0},"fnMap":{"1":{"name":"(anonymous_1)","line":26,"loc":{"start":{"line":26,"column":1},"end":{"line":26,"column":13}}},"2":{"name":"(anonymous_2)","line":33,"loc":{"start":{"line":33,"column":5},"end":{"line":33,"column":17}}},"3":{"name":"(anonymous_3)","line":37,"loc":{"start":{"line":37,"column":24},"end":{"line":37,"column":36}}},"4":{"name":"(anonymous_4)","line":69,"loc":{"start":{"line":69,"column":31},"end":{"line":69,"column":48}},"skip":true},"5":{"name":"(anonymous_5)","line":78,"loc":{"start":{"line":78,"column":26},"end":{"line":78,"column":45}},"skip":true},"6":{"name":"(anonymous_6)","line":123,"loc":{"start":{"line":123,"column":33},"end":{"line":123,"column":48}},"skip":true},"7":{"name":"(anonymous_7)","line":125,"loc":{"start":{"line":125,"column":27},"end":{"line":125,"column":39}},"skip":true},"8":{"name":"(anonymous_8)","line":133,"loc":{"start":{"line":133,"column":59},"end":{"line":133,"column":74}},"skip":true},"9":{"name":"(anonymous_9)","line":143,"loc":{"start":{"line":143,"column":45},"end":{"line":143,"column":62}},"skip":true},"10":{"name":"(anonymous_10)","line":144,"loc":{"start":{"line":144,"column":73},"end":{"line":144,"column":92}},"skip":true},"11":{"name":"(anonymous_11)","line":272,"loc":{"start":{"line":272,"column":51},"end":{"line":272,"column":77}},"skip":true},"12":{"name":"(anonymous_12)","line":315,"loc":{"start":{"line":315,"column":32},"end":{"line":315,"column":61}},"skip":true}},"statementMap":{"1":{"start":{"line":26,"column":0},"end":{"line":326,"column":5}},"2":{"start":{"line":28,"column":4},"end":{"line":28,"column":14}},"3":{"start":{"line":33,"column":4},"end":{"line":60,"column":9}},"4":{"start":{"line":35,"column":8},"end":{"line":35,"column":19}},"5":{"start":{"line":37,"column":8},"end":{"line":49,"column":13}},"6":{"start":{"line":38,"column":12},"end":{"line":48,"column":13}},"7":{"start":{"line":39,"column":16},"end":{"line":42,"column":30}},"8":{"start":{"line":44,"column":16},"end":{"line":47,"column":27}},"9":{"start":{"line":51,"column":8},"end":{"line":53,"column":21}},"10":{"start":{"line":55,"column":8},"end":{"line":57,"column":45}},"11":{"start":{"line":59,"column":8},"end":{"line":59,"column":35}},"12":{"start":{"line":61,"column":4},"end":{"line":325,"column":5}},"13":{"start":{"line":69,"column":8},"end":{"line":121,"column":10},"skip":true},"14":{"start":{"line":70,"column":12},"end":{"line":88,"column":13},"skip":true},"15":{"start":{"line":76,"column":16},"end":{"line":87,"column":19},"skip":true},"16":{"start":{"line":79,"column":20},"end":{"line":86,"column":21},"skip":true},"17":{"start":{"line":82,"column":24},"end":{"line":82,"column":43},"skip":true},"18":{"start":{"line":83,"column":24},"end":{"line":83,"column":30},"skip":true},"19":{"start":{"line":85,"column":24},"end":{"line":85,"column":49},"skip":true},"20":{"start":{"line":89,"column":12},"end":{"line":107,"column":13},"skip":true},"21":{"start":{"line":92,"column":16},"end":{"line":102,"column":17},"skip":true},"22":{"start":{"line":93,"column":20},"end":{"line":93,"column":86},"skip":true},"23":{"start":{"line":94,"column":20},"end":{"line":95,"column":45},"skip":true},"24":{"start":{"line":96,"column":20},"end":{"line":96,"column":42},"skip":true},"25":{"start":{"line":97,"column":20},"end":{"line":97,"column":48},"skip":true},"26":{"start":{"line":100,"column":20},"end":{"line":100,"column":85},"skip":true},"27":{"start":{"line":101,"column":20},"end":{"line":101,"column":96},"skip":true},"28":{"start":{"line":103,"column":16},"end":{"line":103,"column":22},"skip":true},"29":{"start":{"line":106,"column":16},"end":{"line":106,"column":22},"skip":true},"30":{"start":{"line":108,"column":12},"end":{"line":120,"column":13},"skip":true},"31":{"start":{"line":114,"column":16},"end":{"line":119,"column":17},"skip":true},"32":{"start":{"line":116,"column":20},"end":{"line":116,"column":78},"skip":true},"33":{"start":{"line":118,"column":20},"end":{"line":118,"column":47},"skip":true},"34":{"start":{"line":123,"column":8},"end":{"line":141,"column":11},"skip":true},"35":{"start":{"line":124,"column":12},"end":{"line":124,"column":54},"skip":true},"36":{"start":{"line":125,"column":12},"end":{"line":140,"column":14},"skip":true},"37":{"start":{"line":126,"column":16},"end":{"line":126,"column":28},"skip":true},"38":{"start":{"line":127,"column":16},"end":{"line":127,"column":69},"skip":true},"39":{"start":{"line":128,"column":16},"end":{"line":128,"column":75},"skip":true},"40":{"start":{"line":129,"column":16},"end":{"line":131,"column":17},"skip":true},"41":{"start":{"line":130,"column":20},"end":{"line":130,"column":27},"skip":true},"42":{"start":{"line":133,"column":16},"end":{"line":137,"column":36},"skip":true},"43":{"start":{"line":134,"column":20},"end":{"line":136,"column":55},"skip":true},"44":{"start":{"line":139,"column":16},"end":{"line":139,"column":57},"skip":true},"45":{"start":{"line":143,"column":8},"end":{"line":147,"column":11},"skip":true},"46":{"start":{"line":144,"column":12},"end":{"line":146,"column":15},"skip":true},"47":{"start":{"line":145,"column":16},"end":{"line":145,"column":70},"skip":true},"48":{"start":{"line":149,"column":8},"end":{"line":149,"column":31},"skip":true},"49":{"start":{"line":150,"column":8},"end":{"line":150,"column":14},"skip":true},"50":{"start":{"line":158,"column":8},"end":{"line":158,"column":31},"skip":true},"51":{"start":{"line":160,"column":8},"end":{"line":160,"column":33},"skip":true},"52":{"start":{"line":161,"column":8},"end":{"line":161,"column":37},"skip":true},"53":{"start":{"line":162,"column":8},"end":{"line":162,"column":35},"skip":true},"54":{"start":{"line":164,"column":8},"end":{"line":164,"column":50},"skip":true},"55":{"start":{"line":166,"column":8},"end":{"line":256,"column":2},"skip":true},"56":{"start":{"line":258,"column":8},"end":{"line":286,"column":9},"skip":true},"57":{"start":{"line":259,"column":12},"end":{"line":269,"column":14},"skip":true},"58":{"start":{"line":271,"column":12},"end":{"line":285,"column":19},"skip":true},"59":{"start":{"line":274,"column":20},"end":{"line":274,"column":35},"skip":true},"60":{"start":{"line":275,"column":20},"end":{"line":284,"column":21},"skip":true},"61":{"start":{"line":277,"column":24},"end":{"line":277,"column":64},"skip":true},"62":{"start":{"line":279,"column":24},"end":{"line":279,"column":40},"skip":true},"63":{"start":{"line":281,"column":24},"end":{"line":281,"column":40},"skip":true},"64":{"start":{"line":283,"column":24},"end":{"line":283,"column":39},"skip":true},"65":{"start":{"line":288,"column":8},"end":{"line":290,"column":9},"skip":true},"66":{"start":{"line":289,"column":12},"end":{"line":289,"column":18},"skip":true},"67":{"start":{"line":291,"column":8},"end":{"line":293,"column":54},"skip":true},"68":{"start":{"line":296,"column":8},"end":{"line":301,"column":37},"skip":true},"69":{"start":{"line":303,"column":8},"end":{"line":303,"column":82},"skip":true},"70":{"start":{"line":306,"column":8},"end":{"line":308,"column":9},"skip":true},"71":{"start":{"line":307,"column":12},"end":{"line":307,"column":82},"skip":true},"72":{"start":{"line":310,"column":8},"end":{"line":312,"column":9},"skip":true},"73":{"start":{"line":311,"column":12},"end":{"line":311,"column":18},"skip":true},"74":{"start":{"line":313,"column":8},"end":{"line":313,"column":54},"skip":true},"75":{"start":{"line":314,"column":8},"end":{"line":314,"column":69},"skip":true},"76":{"start":{"line":315,"column":8},"end":{"line":323,"column":36},"skip":true},"77":{"start":{"line":316,"column":12},"end":{"line":316,"column":61},"skip":true},"78":{"start":{"line":317,"column":12},"end":{"line":320,"column":13},"skip":true},"79":{"start":{"line":318,"column":16},"end":{"line":318,"column":75},"skip":true},"80":{"start":{"line":319,"column":16},"end":{"line":319,"column":23},"skip":true},"81":{"start":{"line":321,"column":12},"end":{"line":321,"column":38},"skip":true},"82":{"start":{"line":322,"column":12},"end":{"line":322,"column":27},"skip":true},"83":{"start":{"line":324,"column":8},"end":{"line":324,"column":14},"skip":true}},"branchMap":{"1":{"line":39,"type":"binary-expr","locations":[{"start":{"line":39,"column":23},"end":{"line":39,"column":62}},{"start":{"line":40,"column":20},"end":{"line":40,"column":70}},{"start":{"line":41,"column":20},"end":{"line":41,"column":71}},{"start":{"line":42,"column":20},"end":{"line":42,"column":29}}]},"2":{"line":44,"type":"binary-expr","locations":[{"start":{"line":44,"column":23},"end":{"line":44,"column":37}},{"start":{"line":45,"column":20},"end":{"line":45,"column":61}},{"start":{"line":46,"column":20},"end":{"line":46,"column":70}},{"start":{"line":47,"column":20},"end":{"line":47,"column":26}}]},"3":{"line":51,"type":"cond-expr","locations":[{"start":{"line":52,"column":14},"end":{"line":52,"column":20}},{"start":{"line":53,"column":14},"end":{"line":53,"column":20}}]},"4":{"line":55,"type":"binary-expr","locations":[{"start":{"line":55,"column":16},"end":{"line":55,"column":44}},{"start":{"line":55,"column":49},"end":{"line":57,"column":43}}]},"5":{"line":55,"type":"cond-expr","locations":[{"start":{"line":56,"column":14},"end":{"line":56,"column":54}},{"start":{"line":57,"column":14},"end":{"line":57,"column":43}}]},"6":{"line":61,"type":"switch","locations":[{"start":{"line":68,"column":4},"end":{"line":150,"column":14},"skip":true},{"start":{"line":156,"column":4},"end":{"line":324,"column":14},"skip":true}]},"7":{"line":70,"type":"if","locations":[{"start":{"line":70,"column":12},"end":{"line":70,"column":12},"skip":true},{"start":{"line":70,"column":12},"end":{"line":70,"column":12},"skip":true}]},"8":{"line":70,"type":"binary-expr","locations":[{"start":{"line":70,"column":16},"end":{"line":70,"column":22},"skip":true},{"start":{"line":70,"column":27},"end":{"line":70,"column":32},"skip":true},{"start":{"line":71,"column":20},"end":{"line":71,"column":39},"skip":true},{"start":{"line":72,"column":20},"end":{"line":72,"column":49},"skip":true},{"start":{"line":73,"column":20},"end":{"line":73,"column":58},"skip":true},{"start":{"line":74,"column":20},"end":{"line":74,"column":69},"skip":true}]},"9":{"line":79,"type":"switch","locations":[{"start":{"line":80,"column":20},"end":{"line":80,"column":33},"skip":true},{"start":{"line":81,"column":20},"end":{"line":83,"column":30},"skip":true},{"start":{"line":84,"column":20},"end":{"line":85,"column":49},"skip":true}]},"10":{"line":89,"type":"switch","locations":[{"start":{"line":90,"column":12},"end":{"line":103,"column":22},"skip":true},{"start":{"line":105,"column":12},"end":{"line":106,"column":22},"skip":true}]},"11":{"line":89,"type":"binary-expr","locations":[{"start":{"line":89,"column":20},"end":{"line":89,"column":25},"skip":true},{"start":{"line":89,"column":29},"end":{"line":89,"column":48},"skip":true},{"start":{"line":89,"column":52},"end":{"line":89,"column":74},"skip":true}]},"12":{"line":92,"type":"if","locations":[{"start":{"line":92,"column":16},"end":{"line":92,"column":16},"skip":true},{"start":{"line":92,"column":16},"end":{"line":92,"column":16},"skip":true}]},"13":{"line":108,"type":"if","locations":[{"start":{"line":108,"column":12},"end":{"line":108,"column":12},"skip":true},{"start":{"line":108,"column":12},"end":{"line":108,"column":12},"skip":true}]},"14":{"line":108,"type":"binary-expr","locations":[{"start":{"line":108,"column":16},"end":{"line":108,"column":61},"skip":true},{"start":{"line":108,"column":66},"end":{"line":108,"column":72},"skip":true},{"start":{"line":108,"column":77},"end":{"line":108,"column":82},"skip":true},{"start":{"line":109,"column":20},"end":{"line":109,"column":39},"skip":true},{"start":{"line":110,"column":20},"end":{"line":110,"column":49},"skip":true},{"start":{"line":111,"column":20},"end":{"line":111,"column":58},"skip":true},{"start":{"line":112,"column":20},"end":{"line":112,"column":68},"skip":true}]},"15":{"line":129,"type":"if","locations":[{"start":{"line":129,"column":16},"end":{"line":129,"column":16},"skip":true},{"start":{"line":129,"column":16},"end":{"line":129,"column":16},"skip":true}]},"16":{"line":134,"type":"cond-expr","locations":[{"start":{"line":135,"column":26},"end":{"line":135,"column":29},"skip":true},{"start":{"line":136,"column":26},"end":{"line":136,"column":54},"skip":true}]},"17":{"line":164,"type":"binary-expr","locations":[{"start":{"line":164,"column":27},"end":{"line":164,"column":43},"skip":true},{"start":{"line":164,"column":47},"end":{"line":164,"column":49},"skip":true}]},"18":{"line":258,"type":"if","locations":[{"start":{"line":258,"column":8},"end":{"line":258,"column":8},"skip":true},{"start":{"line":258,"column":8},"end":{"line":258,"column":8},"skip":true}]},"19":{"line":275,"type":"switch","locations":[{"start":{"line":276,"column":20},"end":{"line":277,"column":64},"skip":true},{"start":{"line":278,"column":20},"end":{"line":279,"column":40},"skip":true},{"start":{"line":280,"column":20},"end":{"line":281,"column":40},"skip":true},{"start":{"line":282,"column":20},"end":{"line":283,"column":39},"skip":true}]},"20":{"line":288,"type":"if","locations":[{"start":{"line":288,"column":8},"end":{"line":288,"column":8},"skip":true},{"start":{"line":288,"column":8},"end":{"line":288,"column":8},"skip":true}]},"21":{"line":288,"type":"binary-expr","locations":[{"start":{"line":288,"column":12},"end":{"line":288,"column":40},"skip":true},{"start":{"line":288,"column":44},"end":{"line":288,"column":67},"skip":true}]},"22":{"line":292,"type":"binary-expr","locations":[{"start":{"line":292,"column":12},"end":{"line":292,"column":50},"skip":true},{"start":{"line":293,"column":12},"end":{"line":293,"column":53},"skip":true}]},"23":{"line":297,"type":"binary-expr","locations":[{"start":{"line":297,"column":12},"end":{"line":297,"column":68},"skip":true},{"start":{"line":298,"column":12},"end":{"line":301,"column":36},"skip":true}]},"24":{"line":303,"type":"binary-expr","locations":[{"start":{"line":303,"column":43},"end":{"line":303,"column":75},"skip":true},{"start":{"line":303,"column":79},"end":{"line":303,"column":81},"skip":true}]},"25":{"line":306,"type":"if","locations":[{"start":{"line":306,"column":8},"end":{"line":306,"column":8},"skip":true},{"start":{"line":306,"column":8},"end":{"line":306,"column":8},"skip":true}]},"26":{"line":310,"type":"if","locations":[{"start":{"line":310,"column":8},"end":{"line":310,"column":8},"skip":true},{"start":{"line":310,"column":8},"end":{"line":310,"column":8},"skip":true}]},"27":{"line":313,"type":"binary-expr","locations":[{"start":{"line":313,"column":27},"end":{"line":313,"column":43},"skip":true},{"start":{"line":313,"column":47},"end":{"line":313,"column":53},"skip":true}]},"28":{"line":317,"type":"if","locations":[{"start":{"line":317,"column":12},"end":{"line":317,"column":12},"skip":true},{"start":{"line":317,"column":12},"end":{"line":317,"column":12},"skip":true}]}},"code":["/*","example.js","","quickstart example","","instruction","    1. save this script as example.js","    2. run the shell command:","        $ npm install npmtest-hoodie-cli && PORT=8081 node example.js","    3. play with the browser-demo on http://127.0.0.1:8081","*/","","","","/* istanbul instrument in package npmtest_hoodie_cli */","/*jslint","    bitwise: true,","    browser: true,","    maxerr: 8,","    maxlen: 96,","    node: true,","    nomen: true,","    regexp: true,","    stupid: true","*/","(function () {","    'use strict';","    var local;","","","","    // run shared js-env code - init-before","    (function () {","        // init local","        local = {};","        // init modeJs","        local.modeJs = (function () {","            try {","                return typeof navigator.userAgent === 'string' &&","                    typeof document.querySelector('body') === 'object' &&","                    typeof XMLHttpRequest.prototype.open === 'function' &&","                    'browser';","            } catch (errorCaughtBrowser) {","                return module.exports &&","                    typeof process.versions.node === 'string' &&","                    typeof require('http').createServer === 'function' &&","                    'node';","            }","        }());","        // init global","        local.global = local.modeJs === 'browser'","            ? window","            : global;","        // init utility2_rollup","        local = local.global.utility2_rollup || (local.modeJs === 'browser'","            ? local.global.utility2_npmtest_hoodie_cli","            : global.utility2_moduleExports);","        // export local","        local.global.local = local;","    }());","    switch (local.modeJs) {","","","","    // init-after","    // run browser js-env code - init-after","    /* istanbul ignore next */","    case 'browser':","        local.testRunBrowser = function (event) {","            if (!event || (event &&","                    event.currentTarget &&","                    event.currentTarget.className &&","                    event.currentTarget.className.includes &&","                    event.currentTarget.className.includes('onreset'))) {","                // reset output","                Array.from(","                    document.querySelectorAll('body > .resettable')","                ).forEach(function (element) {","                    switch (element.tagName) {","                    case 'INPUT':","                    case 'TEXTAREA':","                        element.value = '';","                        break;","                    default:","                        element.textContent = '';","                    }","                });","            }","            switch (event && event.currentTarget && event.currentTarget.id) {","            case 'testRunButton1':","                // show tests","                if (document.querySelector('#testReportDiv1').style.display === 'none') {","                    document.querySelector('#testReportDiv1').style.display = 'block';","                    document.querySelector('#testRunButton1').textContent =","                        'hide internal test';","                    local.modeTest = true;","                    local.testRunDefault(local);","                // hide tests","                } else {","                    document.querySelector('#testReportDiv1').style.display = 'none';","                    document.querySelector('#testRunButton1').textContent = 'run internal test';","                }","                break;","            // custom-case","            default:","                break;","            }","            if (document.querySelector('#inputTextareaEval1') && (!event || (event &&","                    event.currentTarget &&","                    event.currentTarget.className &&","                    event.currentTarget.className.includes &&","                    event.currentTarget.className.includes('oneval')))) {","                // try to eval input-code","                try {","                    /*jslint evil: true*/","                    eval(document.querySelector('#inputTextareaEval1').value);","                } catch (errorCaught) {","                    console.error(errorCaught);","                }","            }","        };","        // log stderr and stdout to #outputTextareaStdout1","        ['error', 'log'].forEach(function (key) {","            console[key + '_original'] = console[key];","            console[key] = function () {","                var element;","                console[key + '_original'].apply(console, arguments);","                element = document.querySelector('#outputTextareaStdout1');","                if (!element) {","                    return;","                }","                // append text to #outputTextareaStdout1","                element.value += Array.from(arguments).map(function (arg) {","                    return typeof arg === 'string'","                        ? arg","                        : JSON.stringify(arg, null, 4);","                }).join(' ') + '\\n';","                // scroll textarea to bottom","                element.scrollTop = element.scrollHeight;","            };","        });","        // init event-handling","        ['change', 'click', 'keyup'].forEach(function (event) {","            Array.from(document.querySelectorAll('.on' + event)).forEach(function (element) {","                element.addEventListener(event, local.testRunBrowser);","            });","        });","        // run tests","        local.testRunBrowser();","        break;","","","","    // run node js-env code - init-after","    /* istanbul ignore next */","    case 'node':","        // export local","        module.exports = local;","        // require modules","        local.fs = require('fs');","        local.http = require('http');","        local.url = require('url');","        // init assets","        local.assetsDict = local.assetsDict || {};","        /* jslint-ignore-begin */","        local.assetsDict['/assets.index.template.html'] = '\\","<!doctype html>\\n\\","<html lang=\"en\">\\n\\","<head>\\n\\","<meta charset=\"UTF-8\">\\n\\","<meta name=\"viewport\" content=\"width=device-width, initial-scale=1\">\\n\\","<title>{{env.npm_package_name}} (v{{env.npm_package_version}})</title>\\n\\","<style>\\n\\","/*csslint\\n\\","    box-sizing: false,\\n\\","    universal-selector: false\\n\\","*/\\n\\","* {\\n\\","    box-sizing: border-box;\\n\\","}\\n\\","body {\\n\\","    background: #dde;\\n\\","    font-family: Arial, Helvetica, sans-serif;\\n\\","    margin: 2rem;\\n\\","}\\n\\","body > * {\\n\\","    margin-bottom: 1rem;\\n\\","}\\n\\",".utility2FooterDiv {\\n\\","    margin-top: 20px;\\n\\","    text-align: center;\\n\\","}\\n\\","</style>\\n\\","<style>\\n\\","/*csslint\\n\\","*/\\n\\","textarea {\\n\\","    font-family: monospace;\\n\\","    height: 10rem;\\n\\","    width: 100%;\\n\\","}\\n\\","textarea[readonly] {\\n\\","    background: #ddd;\\n\\","}\\n\\","</style>\\n\\","</head>\\n\\","<body>\\n\\","<!-- utility2-comment\\n\\","<div id=\"ajaxProgressDiv1\" style=\"background: #d00; height: 2px; left: 0; margin: 0; padding: 0; position: fixed; top: 0; transition: background 0.5s, width 1.5s; width: 25%;\"></div>\\n\\","utility2-comment -->\\n\\","<h1>\\n\\","<!-- utility2-comment\\n\\","    <a\\n\\","        {{#if env.npm_package_homepage}}\\n\\","        href=\"{{env.npm_package_homepage}}\"\\n\\","        {{/if env.npm_package_homepage}}\\n\\","        target=\"_blank\"\\n\\","    >\\n\\","utility2-comment -->\\n\\","        {{env.npm_package_name}} (v{{env.npm_package_version}})\\n\\","<!-- utility2-comment\\n\\","    </a>\\n\\","utility2-comment -->\\n\\","</h1>\\n\\","<h3>{{env.npm_package_description}}</h3>\\n\\","<!-- utility2-comment\\n\\","<h4><a download href=\"assets.app.js\">download standalone app</a></h4>\\n\\","<button class=\"onclick onreset\" id=\"testRunButton1\">run internal test</button><br>\\n\\","<div id=\"testReportDiv1\" style=\"display: none;\"></div>\\n\\","utility2-comment -->\\n\\","\\n\\","\\n\\","\\n\\","<label>stderr and stdout</label>\\n\\","<textarea class=\"resettable\" id=\"outputTextareaStdout1\" readonly></textarea>\\n\\","<!-- utility2-comment\\n\\","{{#if isRollup}}\\n\\","<script src=\"assets.app.js\"></script>\\n\\","{{#unless isRollup}}\\n\\","utility2-comment -->\\n\\","<script src=\"assets.utility2.rollup.js\"></script>\\n\\","<script src=\"jsonp.utility2._stateInit?callback=window.utility2._stateInit\"></script>\\n\\","<script src=\"assets.npmtest_hoodie_cli.rollup.js\"></script>\\n\\","<script src=\"assets.example.js\"></script>\\n\\","<script src=\"assets.test.js\"></script>\\n\\","<!-- utility2-comment\\n\\","{{/if isRollup}}\\n\\","utility2-comment -->\\n\\","<div class=\"utility2FooterDiv\">\\n\\","    [ this app was created with\\n\\","    <a href=\"https://github.com/kaizhu256/node-utility2\" target=\"_blank\">utility2</a>\\n\\","    ]\\n\\","</div>\\n\\","</body>\\n\\","</html>\\n\\","';","        /* jslint-ignore-end */","        if (local.templateRender) {","            local.assetsDict['/'] = local.templateRender(","                local.assetsDict['/assets.index.template.html'],","                {","                    env: local.objectSetDefault(local.env, {","                        npm_package_description: 'the greatest app in the world!',","                        npm_package_name: 'my-app',","                        npm_package_nameAlias: 'my_app',","                        npm_package_version: '0.0.1'","                    })","                }","            );","        } else {","            local.assetsDict['/'] = local.assetsDict['/assets.index.template.html']","                .replace((/\\{\\{env\\.(\\w+?)\\}\\}/g), function (match0, match1) {","                    // jslint-hack","                    String(match0);","                    switch (match1) {","                    case 'npm_package_description':","                        return 'the greatest app in the world!';","                    case 'npm_package_name':","                        return 'my-app';","                    case 'npm_package_nameAlias':","                        return 'my_app';","                    case 'npm_package_version':","                        return '0.0.1';","                    }","                });","        }","        // run the cli","        if (local.global.utility2_rollup || module !== require.main) {","            break;","        }","        local.assetsDict['/assets.example.js'] =","            local.assetsDict['/assets.example.js'] ||","            local.fs.readFileSync(__filename, 'utf8');","        // bug-workaround - long $npm_package_buildCustomOrg","        /* jslint-ignore-begin */","        local.assetsDict['/assets.npmtest_hoodie_cli.rollup.js'] =","            local.assetsDict['/assets.npmtest_hoodie_cli.rollup.js'] ||","            local.fs.readFileSync(","                local.npmtest_hoodie_cli.__dirname + '/lib.npmtest_hoodie_cli.js',","                'utf8'","            ).replace((/^#!/), '//');","        /* jslint-ignore-end */","        local.assetsDict['/favicon.ico'] = local.assetsDict['/favicon.ico'] || '';","        // if $npm_config_timeout_exit exists,","        // then exit this process after $npm_config_timeout_exit ms","        if (Number(process.env.npm_config_timeout_exit)) {","            setTimeout(process.exit, Number(process.env.npm_config_timeout_exit));","        }","        // start server","        if (local.global.utility2_serverHttp1) {","            break;","        }","        process.env.PORT = process.env.PORT || '8081';","        console.error('server starting on port ' + process.env.PORT);","        local.http.createServer(function (request, response) {","            request.urlParsed = local.url.parse(request.url);","            if (local.assetsDict[request.urlParsed.pathname] !== undefined) {","                response.end(local.assetsDict[request.urlParsed.pathname]);","                return;","            }","            response.statusCode = 404;","            response.end();","        }).listen(process.env.PORT);","        break;","    }","}());",""],"l":{"26":2,"28":2,"33":2,"35":2,"37":2,"38":2,"39":2,"44":1,"51":2,"55":2,"59":2,"61":2,"69":1,"70":2,"76":2,"79":2,"82":2,"83":2,"85":1,"89":2,"92":1,"93":1,"94":1,"96":1,"97":1,"100":1,"101":1,"103":1,"106":1,"108":2,"114":1,"116":1,"118":1,"123":1,"124":2,"125":2,"126":3,"127":3,"128":3,"129":3,"130":1,"133":3,"134":3,"139":3,"143":1,"144":3,"145":1,"149":1,"150":1,"158":1,"160":1,"161":1,"162":1,"164":1,"166":1,"258":1,"259":1,"271":1,"274":6,"275":6,"277":1,"279":2,"281":1,"283":2,"288":1,"289":1,"291":1,"296":1,"303":1,"306":1,"307":1,"310":1,"311":1,"313":1,"314":1,"315":1,"316":1,"317":1,"318":1,"319":1,"321":1,"322":1,"324":1}},"/home/travis/build/npmtest/node-npmtest-hoodie-cli/node_modules/hoodie-cli/bin/hoodie":{"path":"/home/travis/build/npmtest/node-npmtest-hoodie-cli/node_modules/hoodie-cli/bin/hoodie","s":{"1":1,"2":1,"3":1},"b":{},"f":{},"fnMap":{},"statementMap":{"1":{"start":{"line":3,"column":0},"end":{"line":3,"column":32}},"2":{"start":{"line":4,"column":0},"end":{"line":4,"column":36}},"3":{"start":{"line":6,"column":0},"end":{"line":6,"column":21}}},"branchMap":{},"code":["//#!/usr/bin/env node","","var CLI = require('../lib/cli');","var argv = require('optimist').argv;","","new CLI().argv(argv);",""],"l":{"3":1,"4":1,"6":1}},"/home/travis/build/npmtest/node-npmtest-hoodie-cli/node_modules/hoodie-cli/lib/cli.js":{"path":"/home/travis/build/npmtest/node-npmtest-hoodie-cli/node_modules/hoodie-cli/lib/cli.js","s":{"1":1,"2":1,"3":1,"4":1,"5":1,"6":1,"7":1,"8":1,"9":0,"10":0,"11":0,"12":1,"13":1,"14":1,"15":1,"16":1,"17":1,"18":1,"19":1,"20":1,"21":1,"22":1,"23":0,"24":1,"25":0,"26":1,"27":0,"28":1,"29":0,"30":1,"31":0,"32":1},"b":{},"f":{"1":1,"2":0,"3":0,"4":0,"5":0,"6":0,"7":0},"fnMap":{"1":{"name":"CLI","line":9,"loc":{"start":{"line":9,"column":0},"end":{"line":9,"column":15}}},"2":{"name":"(anonymous_2)","line":25,"loc":{"start":{"line":25,"column":5},"end":{"line":25,"column":20}}},"3":{"name":"(anonymous_3)","line":57,"loc":{"start":{"line":57,"column":18},"end":{"line":57,"column":29}}},"4":{"name":"(anonymous_4)","line":61,"loc":{"start":{"line":61,"column":21},"end":{"line":61,"column":32}}},"5":{"name":"(anonymous_5)","line":65,"loc":{"start":{"line":65,"column":18},"end":{"line":65,"column":29}}},"6":{"name":"(anonymous_6)","line":69,"loc":{"start":{"line":69,"column":17},"end":{"line":69,"column":28}}},"7":{"name":"(anonymous_7)","line":73,"loc":{"start":{"line":73,"column":17},"end":{"line":73,"column":28}}}},"statementMap":{"1":{"start":{"line":1,"column":0},"end":{"line":1,"column":31}},"2":{"start":{"line":2,"column":0},"end":{"line":2,"column":40}},"3":{"start":{"line":3,"column":0},"end":{"line":3,"column":31}},"4":{"start":{"line":9,"column":0},"end":{"line":11,"column":1}},"5":{"start":{"line":10,"column":2},"end":{"line":10,"column":18}},"6":{"start":{"line":18,"column":0},"end":{"line":18,"column":27}},"7":{"start":{"line":20,"column":0},"end":{"line":32,"column":1}},"8":{"start":{"line":22,"column":2},"end":{"line":27,"column":5}},"9":{"start":{"line":26,"column":4},"end":{"line":26,"column":14}},"10":{"start":{"line":30,"column":2},"end":{"line":30,"column":57}},"11":{"start":{"line":31,"column":2},"end":{"line":31,"column":18}},"12":{"start":{"line":39,"column":0},"end":{"line":39,"column":43}},"13":{"start":{"line":41,"column":0},"end":{"line":41,"column":41}},"14":{"start":{"line":42,"column":0},"end":{"line":42,"column":49}},"15":{"start":{"line":43,"column":0},"end":{"line":43,"column":53}},"16":{"start":{"line":44,"column":0},"end":{"line":44,"column":43}},"17":{"start":{"line":45,"column":0},"end":{"line":45,"column":45}},"18":{"start":{"line":46,"column":0},"end":{"line":46,"column":45}},"19":{"start":{"line":48,"column":0},"end":{"line":48,"column":49}},"20":{"start":{"line":49,"column":0},"end":{"line":49,"column":49}},"21":{"start":{"line":50,"column":0},"end":{"line":50,"column":43}},"22":{"start":{"line":57,"column":0},"end":{"line":59,"column":3}},"23":{"start":{"line":58,"column":2},"end":{"line":58,"column":34}},"24":{"start":{"line":61,"column":0},"end":{"line":63,"column":3}},"25":{"start":{"line":62,"column":2},"end":{"line":62,"column":37}},"26":{"start":{"line":65,"column":0},"end":{"line":67,"column":3}},"27":{"start":{"line":66,"column":2},"end":{"line":66,"column":34}},"28":{"start":{"line":69,"column":0},"end":{"line":71,"column":3}},"29":{"start":{"line":70,"column":2},"end":{"line":70,"column":33}},"30":{"start":{"line":73,"column":0},"end":{"line":75,"column":3}},"31":{"start":{"line":74,"column":2},"end":{"line":74,"column":33}},"32":{"start":{"line":78,"column":0},"end":{"line":78,"column":21}}},"branchMap":{},"code":["var hoodie = require('./main');","var con = require('./cli/util/console');","var shell = require('shelljs');","","//","// Command line interface object.","//","","function CLI() {","  this.cli = this;","}","","","//","// check whether we're running an outdated version","// of hoodie-cli","//","hoodie.emit('checkUpdate');","","try {","","  shell.which('git', {","    async: true,","    silent: true","  }, function (err) {","    throw err;","  });","","} catch (err) {","  hoodie.emit('warn', 'git command could not be found.');","  process.exit(1);","}","","","///","// Command line commands.","//","","CLI.prototype.argv = require('./cli/argv');","","CLI.prototype.new = require('./cli/new');","CLI.prototype.install = require('./cli/install');","CLI.prototype.uninstall = require('./cli/uninstall');","CLI.prototype.help = require('./cli/help');","CLI.prototype.start = require('./cli/start');","CLI.prototype.reset = require('./cli/reset');","","CLI.prototype.unknown = require('./cli/unknown');","CLI.prototype.version = require('./cli/version');","CLI.prototype.logo = require('./cli/logo');","","","//","// CLI messages.","//","","hoodie.on('info', function() {","  con.info.apply(this, arguments);","});","","hoodie.on('success', function() {","  con.success.apply(this, arguments);","});","","hoodie.on('warn', function() {","  con.warn.apply(this, arguments);","});","","hoodie.on('err', function() {","  con.err.apply(this, arguments);","});","","hoodie.on('raw', function() {","  con.raw.apply(this, arguments);","});","","","module.exports = CLI;",""],"l":{"1":1,"2":1,"3":1,"9":1,"10":1,"18":1,"20":1,"22":1,"26":0,"30":0,"31":0,"39":1,"41":1,"42":1,"43":1,"44":1,"45":1,"46":1,"48":1,"49":1,"50":1,"57":1,"58":0,"61":1,"62":0,"65":1,"66":0,"69":1,"70":0,"73":1,"74":0,"78":1}},"/home/travis/build/npmtest/node-npmtest-hoodie-cli/node_modules/hoodie-cli/lib/main.js":{"path":"/home/travis/build/npmtest/node-npmtest-hoodie-cli/node_modules/hoodie-cli/lib/main.js","s":{"1":1,"2":1},"b":{},"f":{},"fnMap":{},"statementMap":{"1":{"start":{"line":1,"column":0},"end":{"line":1,"column":33}},"2":{"start":{"line":3,"column":0},"end":{"line":3,"column":30}}},"branchMap":{},"code":["var Hoodie = require('./hoodie'); // jshint ignore:line","","module.exports = new Hoodie();",""],"l":{"1":1,"3":1}},"/home/travis/build/npmtest/node-npmtest-hoodie-cli/node_modules/hoodie-cli/lib/hoodie.js":{"path":"/home/travis/build/npmtest/node-npmtest-hoodie-cli/node_modules/hoodie-cli/lib/hoodie.js","s":{"1":1,"2":1,"3":1,"4":1,"5":1,"6":0,"7":1,"8":1,"9":1,"10":1,"11":1,"12":1,"13":1,"14":1,"15":1,"16":1,"17":1,"18":1},"b":{},"f":{"1":1,"2":0,"3":1,"4":1},"fnMap":{"1":{"name":"initialize","line":16,"loc":{"start":{"line":16,"column":0},"end":{"line":16,"column":23}}},"2":{"name":"(anonymous_2)","line":19,"loc":{"start":{"line":19,"column":19},"end":{"line":19,"column":33}}},"3":{"name":"(anonymous_3)","line":23,"loc":{"start":{"line":23,"column":25},"end":{"line":23,"column":36}}},"4":{"name":"Hoodie","line":29,"loc":{"start":{"line":29,"column":0},"end":{"line":29,"column":18}}}},"statementMap":{"1":{"start":{"line":1,"column":0},"end":{"line":1,"column":31}},"2":{"start":{"line":2,"column":0},"end":{"line":2,"column":27}},"3":{"start":{"line":3,"column":0},"end":{"line":3,"column":52}},"4":{"start":{"line":16,"column":0},"end":{"line":27,"column":1}},"5":{"start":{"line":19,"column":2},"end":{"line":21,"column":5}},"6":{"start":{"line":20,"column":4},"end":{"line":20,"column":21}},"7":{"start":{"line":23,"column":2},"end":{"line":25,"column":5}},"8":{"start":{"line":24,"column":4},"end":{"line":24,"column":21}},"9":{"start":{"line":29,"column":0},"end":{"line":41,"column":1}},"10":{"start":{"line":32,"column":2},"end":{"line":32,"column":24}},"11":{"start":{"line":35,"column":2},"end":{"line":35,"column":48}},"12":{"start":{"line":36,"column":2},"end":{"line":36,"column":56}},"13":{"start":{"line":37,"column":2},"end":{"line":37,"column":60}},"14":{"start":{"line":38,"column":2},"end":{"line":38,"column":52}},"15":{"start":{"line":39,"column":2},"end":{"line":39,"column":52}},"16":{"start":{"line":40,"column":2},"end":{"line":40,"column":56}},"17":{"start":{"line":44,"column":0},"end":{"line":44,"column":43}},"18":{"start":{"line":50,"column":0},"end":{"line":50,"column":24}}},"branchMap":{},"code":["var events = require('events');","var util = require('util');","var updateNotifier = require('./cli/util/notifier');","","//","// Hoodie object.","//","// Events:","//","//   - `error` {Event} triggered with info compatible with console.error.","//   - `log` {Event} triggered with info compatible with console.log.","//   - `warn` {Event} triggered with info compatible with console.warn.","//   - `raw` {Event} trigger with info that should not be formatted.","//","","function initialize () {","","  // error events must always have a listener.","  this.on('error', function(err) {","    console.log(err);","  });","","  this.on('checkUpdate', function() {","    updateNotifier();","  });","","}","","function Hoodie() {","","  // initialize Hoodie","  initialize.call(this);","","  // initialize each command and inject the `hoodie` dependency.","  this.new = require('./hoodie/new').exec(this);","  this.install = require('./hoodie/install').exec(this);","  this.uninstall = require('./hoodie/uninstall').exec(this);","  this.start = require('./hoodie/start').exec(this);","  this.reset = require('./hoodie/reset').exec(this);","  this.version = require('./hoodie/version').exec(this);","}","","","util.inherits(Hoodie, events.EventEmitter);","","","//","// Initialize Hoodie.","//","module.exports = Hoodie;",""],"l":{"1":1,"2":1,"3":1,"16":1,"19":1,"20":0,"23":1,"24":1,"29":1,"32":1,"35":1,"36":1,"37":1,"38":1,"39":1,"40":1,"44":1,"50":1}},"/home/travis/build/npmtest/node-npmtest-hoodie-cli/node_modules/hoodie-cli/lib/cli/util/notifier.js":{"path":"/home/travis/build/npmtest/node-npmtest-hoodie-cli/node_modules/hoodie-cli/lib/cli/util/notifier.js","s":{"1":1,"2":1,"3":1,"4":1,"5":1,"6":0},"b":{"1":[0,1]},"f":{"1":1},"fnMap":{"1":{"name":"(anonymous_1)","line":4,"loc":{"start":{"line":4,"column":17},"end":{"line":4,"column":28}}}},"statementMap":{"1":{"start":{"line":1,"column":0},"end":{"line":1,"column":48}},"2":{"start":{"line":2,"column":0},"end":{"line":2,"column":43}},"3":{"start":{"line":4,"column":0},"end":{"line":16,"column":2}},"4":{"start":{"line":6,"column":2},"end":{"line":10,"column":5}},"5":{"start":{"line":12,"column":2},"end":{"line":14,"column":3}},"6":{"start":{"line":13,"column":4},"end":{"line":13,"column":26}}},"branchMap":{"1":{"line":12,"type":"if","locations":[{"start":{"line":12,"column":2},"end":{"line":12,"column":2}},{"start":{"line":12,"column":2},"end":{"line":12,"column":2}}]}},"code":["var updateNotifier = require('update-notifier');","var pkg = require('../../../package.json');","","module.exports = function() {","","  var notifier = updateNotifier({","    packageName: pkg.name,","    packageVersion: pkg.version,","    updateCheckInterval: 1000 * 60 * 60 * 1 // 1 hr","  });","","  if (notifier.update) {","    notifier.notify(true);","  }","","};","",""],"l":{"1":1,"2":1,"4":1,"6":1,"12":1,"13":0}},"/home/travis/build/npmtest/node-npmtest-hoodie-cli/node_modules/hoodie-cli/lib/hoodie/new.js":{"path":"/home/travis/build/npmtest/node-npmtest-hoodie-cli/node_modules/hoodie-cli/lib/hoodie/new.js","s":{"1":1,"2":1,"3":1,"4":1,"5":1,"6":1,"7":1,"8":1,"9":1,"10":1,"11":1,"12":1,"13":1,"14":1,"15":0,"16":0,"17":0,"18":0,"19":0,"20":0,"21":0,"22":0,"23":0,"24":0,"25":0,"26":0,"27":0,"28":0,"29":0,"30":1,"31":0,"32":0,"33":0,"34":0,"35":0,"36":0,"37":1,"38":0,"39":0,"40":0,"41":0,"42":0,"43":0,"44":0,"45":0,"46":0,"47":0,"48":0,"49":0,"50":0,"51":0,"52":0,"53":0,"54":0,"55":0,"56":0,"57":0,"58":0,"59":0,"60":0,"61":0,"62":0,"63":0,"64":0,"65":0,"66":0,"67":0,"68":0,"69":0,"70":0,"71":0,"72":0,"73":0,"74":0,"75":0,"76":0,"77":0,"78":0,"79":0,"80":0,"81":0,"82":0,"83":0,"84":0,"85":0,"86":1,"87":0,"88":0,"89":0,"90":0,"91":0,"92":0,"93":0,"94":0,"95":0,"96":0,"97":0,"98":0,"99":0,"100":0,"101":0,"102":0,"103":0,"104":1,"105":0,"106":0,"107":0,"108":0,"109":0,"110":0,"111":0,"112":1,"113":0,"114":0,"115":0,"116":0,"117":0,"118":0,"119":1,"120":0,"121":0,"122":0,"123":0,"124":0,"125":0,"126":0,"127":0,"128":0,"129":0,"130":0,"131":0,"132":0,"133":0,"134":0,"135":0,"136":1,"137":0,"138":0,"139":0,"140":0,"141":0,"142":0,"143":0,"144":0,"145":0,"146":0,"147":1,"148":1},"b":{"1":[0,0],"2":[0,0],"3":[0,0],"4":[0,0],"5":[0,0],"6":[0,0],"7":[0,0],"8":[0,0],"9":[0,0],"10":[0,0],"11":[0,0],"12":[0,0],"13":[0,0],"14":[0,0],"15":[0,0],"16":[0,0],"17":[0,0],"18":[0,0],"19":[0,0],"20":[0,0],"21":[0,0]},"f":{"1":1,"2":0,"3":0,"4":0,"5":0,"6":0,"7":0,"8":0,"9":0,"10":0,"11":0,"12":0,"13":0,"14":0,"15":0,"16":0,"17":0,"18":0,"19":0,"20":0,"21":0,"22":0,"23":0,"24":0,"25":0,"26":0,"27":0,"28":1},"fnMap":{"1":{"name":"CreateCommand","line":13,"loc":{"start":{"line":13,"column":0},"end":{"line":13,"column":25}}},"2":{"name":"(anonymous_2)","line":36,"loc":{"start":{"line":36,"column":30},"end":{"line":36,"column":58}}},"3":{"name":"(anonymous_3)","line":66,"loc":{"start":{"line":66,"column":25},"end":{"line":66,"column":36}}},"4":{"name":"(anonymous_4)","line":76,"loc":{"start":{"line":76,"column":26},"end":{"line":76,"column":60}}},"5":{"name":"(anonymous_5)","line":90,"loc":{"start":{"line":90,"column":37},"end":{"line":90,"column":71}}},"6":{"name":"(anonymous_6)","line":94,"loc":{"start":{"line":94,"column":26},"end":{"line":94,"column":50}}},"7":{"name":"(anonymous_7)","line":96,"loc":{"start":{"line":96,"column":33},"end":{"line":96,"column":47}}},"8":{"name":"(anonymous_8)","line":108,"loc":{"start":{"line":108,"column":15},"end":{"line":108,"column":39}}},"9":{"name":"(anonymous_9)","line":110,"loc":{"start":{"line":110,"column":20},"end":{"line":110,"column":31}}},"10":{"name":"(anonymous_10)","line":114,"loc":{"start":{"line":114,"column":40},"end":{"line":114,"column":59}}},"11":{"name":"(anonymous_11)","line":127,"loc":{"start":{"line":127,"column":21},"end":{"line":127,"column":45}}},"12":{"name":"(anonymous_12)","line":129,"loc":{"start":{"line":129,"column":20},"end":{"line":129,"column":31}}},"13":{"name":"(anonymous_13)","line":136,"loc":{"start":{"line":136,"column":7},"end":{"line":136,"column":30}}},"14":{"name":"(anonymous_14)","line":158,"loc":{"start":{"line":158,"column":28},"end":{"line":158,"column":47}}},"15":{"name":"(anonymous_15)","line":169,"loc":{"start":{"line":169,"column":12},"end":{"line":169,"column":26}}},"16":{"name":"(anonymous_16)","line":184,"loc":{"start":{"line":184,"column":32},"end":{"line":184,"column":66}}},"17":{"name":"(anonymous_17)","line":190,"loc":{"start":{"line":190,"column":28},"end":{"line":190,"column":47}}},"18":{"name":"(anonymous_18)","line":203,"loc":{"start":{"line":203,"column":21},"end":{"line":203,"column":46}}},"19":{"name":"(anonymous_19)","line":220,"loc":{"start":{"line":220,"column":30},"end":{"line":220,"column":64}}},"20":{"name":"(anonymous_20)","line":238,"loc":{"start":{"line":238,"column":34},"end":{"line":238,"column":67}}},"21":{"name":"(anonymous_21)","line":242,"loc":{"start":{"line":242,"column":23},"end":{"line":242,"column":38}}},"22":{"name":"(anonymous_22)","line":258,"loc":{"start":{"line":258,"column":33},"end":{"line":258,"column":67}}},"23":{"name":"(anonymous_23)","line":264,"loc":{"start":{"line":264,"column":22},"end":{"line":264,"column":41}}},"24":{"name":"(anonymous_24)","line":269,"loc":{"start":{"line":269,"column":17},"end":{"line":269,"column":32}}},"25":{"name":"(anonymous_25)","line":282,"loc":{"start":{"line":282,"column":18},"end":{"line":282,"column":33}}},"26":{"name":"(anonymous_26)","line":304,"loc":{"start":{"line":304,"column":34},"end":{"line":304,"column":53}}},"27":{"name":"(anonymous_27)","line":315,"loc":{"start":{"line":315,"column":20},"end":{"line":315,"column":35}}},"28":{"name":"(anonymous_28)","line":343,"loc":{"start":{"line":343,"column":8},"end":{"line":343,"column":26}}}},"statementMap":{"1":{"start":{"line":1,"column":0},"end":{"line":1,"column":40}},"2":{"start":{"line":2,"column":0},"end":{"line":2,"column":37}},"3":{"start":{"line":4,"column":0},"end":{"line":4,"column":27}},"4":{"start":{"line":5,"column":0},"end":{"line":5,"column":32}},"5":{"start":{"line":6,"column":0},"end":{"line":6,"column":29}},"6":{"start":{"line":7,"column":0},"end":{"line":7,"column":29}},"7":{"start":{"line":8,"column":0},"end":{"line":8,"column":27}},"8":{"start":{"line":9,"column":0},"end":{"line":9,"column":31}},"9":{"start":{"line":10,"column":0},"end":{"line":10,"column":25}},"10":{"start":{"line":11,"column":0},"end":{"line":11,"column":46}},"11":{"start":{"line":13,"column":0},"end":{"line":15,"column":1}},"12":{"start":{"line":14,"column":2},"end":{"line":14,"column":40}},"13":{"start":{"line":17,"column":0},"end":{"line":17,"column":38}},"14":{"start":{"line":36,"column":0},"end":{"line":74,"column":2}},"15":{"start":{"line":38,"column":2},"end":{"line":38,"column":51}},"16":{"start":{"line":40,"column":2},"end":{"line":46,"column":4}},"17":{"start":{"line":48,"column":2},"end":{"line":48,"column":55}},"18":{"start":{"line":49,"column":2},"end":{"line":49,"column":42}},"19":{"start":{"line":50,"column":2},"end":{"line":50,"column":30}},"20":{"start":{"line":51,"column":2},"end":{"line":51,"column":47}},"21":{"start":{"line":53,"column":2},"end":{"line":55,"column":3}},"22":{"start":{"line":54,"column":4},"end":{"line":54,"column":72}},"23":{"start":{"line":57,"column":2},"end":{"line":59,"column":4}},"24":{"start":{"line":61,"column":2},"end":{"line":63,"column":3}},"25":{"start":{"line":62,"column":4},"end":{"line":62,"column":41}},"26":{"start":{"line":66,"column":2},"end":{"line":66,"column":39}},"27":{"start":{"line":68,"column":2},"end":{"line":68,"column":34}},"28":{"start":{"line":70,"column":2},"end":{"line":70,"column":38}},"29":{"start":{"line":72,"column":2},"end":{"line":72,"column":21}},"30":{"start":{"line":76,"column":0},"end":{"line":88,"column":2}},"31":{"start":{"line":78,"column":2},"end":{"line":78,"column":17}},"32":{"start":{"line":80,"column":2},"end":{"line":86,"column":3}},"33":{"start":{"line":81,"column":4},"end":{"line":81,"column":41}},"34":{"start":{"line":82,"column":4},"end":{"line":82,"column":26}},"35":{"start":{"line":84,"column":4},"end":{"line":84,"column":56}},"36":{"start":{"line":85,"column":4},"end":{"line":85,"column":33}},"37":{"start":{"line":90,"column":0},"end":{"line":182,"column":2}},"38":{"start":{"line":92,"column":2},"end":{"line":92,"column":17}},"39":{"start":{"line":94,"column":2},"end":{"line":106,"column":4}},"40":{"start":{"line":95,"column":4},"end":{"line":95,"column":73}},"41":{"start":{"line":96,"column":4},"end":{"line":105,"column":7}},"42":{"start":{"line":97,"column":6},"end":{"line":102,"column":7}},"43":{"start":{"line":98,"column":8},"end":{"line":98,"column":98}},"44":{"start":{"line":99,"column":8},"end":{"line":101,"column":11}},"45":{"start":{"line":103,"column":6},"end":{"line":103,"column":64}},"46":{"start":{"line":104,"column":6},"end":{"line":104,"column":17}},"47":{"start":{"line":108,"column":2},"end":{"line":125,"column":4}},"48":{"start":{"line":109,"column":4},"end":{"line":109,"column":38}},"49":{"start":{"line":110,"column":4},"end":{"line":112,"column":7}},"50":{"start":{"line":111,"column":6},"end":{"line":111,"column":19}},"51":{"start":{"line":114,"column":4},"end":{"line":124,"column":7}},"52":{"start":{"line":115,"column":6},"end":{"line":115,"column":24}},"53":{"start":{"line":117,"column":6},"end":{"line":120,"column":7}},"54":{"start":{"line":118,"column":8},"end":{"line":118,"column":66}},"55":{"start":{"line":119,"column":8},"end":{"line":119,"column":26}},"56":{"start":{"line":122,"column":6},"end":{"line":122,"column":52}},"57":{"start":{"line":123,"column":6},"end":{"line":123,"column":17}},"58":{"start":{"line":127,"column":2},"end":{"line":156,"column":4}},"59":{"start":{"line":128,"column":4},"end":{"line":128,"column":38}},"60":{"start":{"line":129,"column":4},"end":{"line":131,"column":7}},"61":{"start":{"line":130,"column":6},"end":{"line":130,"column":19}},"62":{"start":{"line":133,"column":4},"end":{"line":155,"column":7}},"63":{"start":{"line":138,"column":6},"end":{"line":138,"column":24}},"64":{"start":{"line":140,"column":6},"end":{"line":144,"column":7}},"65":{"start":{"line":141,"column":8},"end":{"line":141,"column":61}},"66":{"start":{"line":142,"column":8},"end":{"line":142,"column":46}},"67":{"start":{"line":143,"column":8},"end":{"line":143,"column":29}},"68":{"start":{"line":146,"column":6},"end":{"line":151,"column":7}},"69":{"start":{"line":147,"column":8},"end":{"line":147,"column":66}},"70":{"start":{"line":148,"column":8},"end":{"line":150,"column":11}},"71":{"start":{"line":153,"column":6},"end":{"line":153,"column":48}},"72":{"start":{"line":154,"column":6},"end":{"line":154,"column":24}},"73":{"start":{"line":158,"column":2},"end":{"line":180,"column":5}},"74":{"start":{"line":159,"column":4},"end":{"line":163,"column":5}},"75":{"start":{"line":160,"column":6},"end":{"line":160,"column":53}},"76":{"start":{"line":161,"column":6},"end":{"line":161,"column":44}},"77":{"start":{"line":162,"column":6},"end":{"line":162,"column":27}},"78":{"start":{"line":165,"column":4},"end":{"line":179,"column":7}},"79":{"start":{"line":170,"column":6},"end":{"line":174,"column":7}},"80":{"start":{"line":171,"column":8},"end":{"line":171,"column":44}},"81":{"start":{"line":172,"column":8},"end":{"line":172,"column":46}},"82":{"start":{"line":173,"column":8},"end":{"line":173,"column":26}},"83":{"start":{"line":175,"column":6},"end":{"line":177,"column":7}},"84":{"start":{"line":176,"column":8},"end":{"line":176,"column":29}},"85":{"start":{"line":178,"column":6},"end":{"line":178,"column":17}},"86":{"start":{"line":184,"column":0},"end":{"line":215,"column":2}},"87":{"start":{"line":186,"column":2},"end":{"line":186,"column":17}},"88":{"start":{"line":188,"column":2},"end":{"line":188,"column":55}},"89":{"start":{"line":190,"column":2},"end":{"line":213,"column":5}},"90":{"start":{"line":191,"column":4},"end":{"line":195,"column":5}},"91":{"start":{"line":192,"column":6},"end":{"line":192,"column":53}},"92":{"start":{"line":193,"column":6},"end":{"line":193,"column":44}},"93":{"start":{"line":194,"column":6},"end":{"line":194,"column":27}},"94":{"start":{"line":197,"column":4},"end":{"line":197,"column":40}},"95":{"start":{"line":199,"column":4},"end":{"line":201,"column":5}},"96":{"start":{"line":200,"column":6},"end":{"line":200,"column":43}},"97":{"start":{"line":203,"column":4},"end":{"line":212,"column":7}},"98":{"start":{"line":204,"column":6},"end":{"line":208,"column":7}},"99":{"start":{"line":205,"column":8},"end":{"line":205,"column":63}},"100":{"start":{"line":206,"column":8},"end":{"line":206,"column":46}},"101":{"start":{"line":207,"column":8},"end":{"line":207,"column":29}},"102":{"start":{"line":210,"column":6},"end":{"line":210,"column":57}},"103":{"start":{"line":211,"column":6},"end":{"line":211,"column":28}},"104":{"start":{"line":220,"column":0},"end":{"line":233,"column":2}},"105":{"start":{"line":222,"column":2},"end":{"line":222,"column":17}},"106":{"start":{"line":224,"column":2},"end":{"line":231,"column":3}},"107":{"start":{"line":225,"column":4},"end":{"line":225,"column":68}},"108":{"start":{"line":226,"column":4},"end":{"line":226,"column":60}},"109":{"start":{"line":227,"column":4},"end":{"line":227,"column":26}},"110":{"start":{"line":229,"column":4},"end":{"line":229,"column":54}},"111":{"start":{"line":230,"column":4},"end":{"line":230,"column":25}},"112":{"start":{"line":238,"column":0},"end":{"line":253,"column":2}},"113":{"start":{"line":240,"column":2},"end":{"line":240,"column":17}},"114":{"start":{"line":242,"column":2},"end":{"line":251,"column":5}},"115":{"start":{"line":244,"column":4},"end":{"line":247,"column":5}},"116":{"start":{"line":245,"column":6},"end":{"line":245,"column":72}},"117":{"start":{"line":246,"column":6},"end":{"line":246,"column":27}},"118":{"start":{"line":249,"column":4},"end":{"line":249,"column":26}},"119":{"start":{"line":258,"column":0},"end":{"line":299,"column":2}},"120":{"start":{"line":260,"column":2},"end":{"line":260,"column":17}},"121":{"start":{"line":262,"column":2},"end":{"line":262,"column":42}},"122":{"start":{"line":264,"column":2},"end":{"line":266,"column":4}},"123":{"start":{"line":265,"column":4},"end":{"line":265,"column":37}},"124":{"start":{"line":269,"column":2},"end":{"line":280,"column":4}},"125":{"start":{"line":271,"column":4},"end":{"line":275,"column":5}},"126":{"start":{"line":272,"column":6},"end":{"line":272,"column":59}},"127":{"start":{"line":273,"column":6},"end":{"line":273,"column":39}},"128":{"start":{"line":274,"column":6},"end":{"line":274,"column":51}},"129":{"start":{"line":277,"column":4},"end":{"line":279,"column":58}},"130":{"start":{"line":282,"column":2},"end":{"line":284,"column":4}},"131":{"start":{"line":283,"column":4},"end":{"line":283,"column":50}},"132":{"start":{"line":286,"column":2},"end":{"line":289,"column":4}},"133":{"start":{"line":291,"column":2},"end":{"line":293,"column":24}},"134":{"start":{"line":295,"column":2},"end":{"line":295,"column":51}},"135":{"start":{"line":297,"column":2},"end":{"line":297,"column":24}},"136":{"start":{"line":304,"column":0},"end":{"line":340,"column":2}},"137":{"start":{"line":306,"column":2},"end":{"line":306,"column":18}},"138":{"start":{"line":308,"column":2},"end":{"line":338,"column":5}},"139":{"start":{"line":317,"column":4},"end":{"line":327,"column":5}},"140":{"start":{"line":319,"column":6},"end":{"line":322,"column":53}},"141":{"start":{"line":324,"column":6},"end":{"line":324,"column":40}},"142":{"start":{"line":325,"column":6},"end":{"line":325,"column":22}},"143":{"start":{"line":326,"column":6},"end":{"line":326,"column":16}},"144":{"start":{"line":329,"column":4},"end":{"line":329,"column":89}},"145":{"start":{"line":331,"column":4},"end":{"line":334,"column":25}},"146":{"start":{"line":336,"column":4},"end":{"line":336,"column":37}},"147":{"start":{"line":342,"column":0},"end":{"line":346,"column":2}},"148":{"start":{"line":344,"column":4},"end":{"line":344,"column":37}}},"branchMap":{"1":{"line":38,"type":"binary-expr","locations":[{"start":{"line":38,"column":17},"end":{"line":38,"column":29}},{"start":{"line":38,"column":33},"end":{"line":38,"column":50}}]},"2":{"line":41,"type":"binary-expr","locations":[{"start":{"line":41,"column":14},"end":{"line":41,"column":30}},{"start":{"line":41,"column":34},"end":{"line":41,"column":71}}]},"3":{"line":49,"type":"binary-expr","locations":[{"start":{"line":49,"column":20},"end":{"line":49,"column":35}},{"start":{"line":49,"column":39},"end":{"line":49,"column":41}}]},"4":{"line":53,"type":"if","locations":[{"start":{"line":53,"column":2},"end":{"line":53,"column":2}},{"start":{"line":53,"column":2},"end":{"line":53,"column":2}}]},"5":{"line":61,"type":"if","locations":[{"start":{"line":61,"column":2},"end":{"line":61,"column":2}},{"start":{"line":61,"column":2},"end":{"line":61,"column":2}}]},"6":{"line":66,"type":"binary-expr","locations":[{"start":{"line":66,"column":13},"end":{"line":66,"column":21}},{"start":{"line":66,"column":25},"end":{"line":66,"column":38}}]},"7":{"line":97,"type":"if","locations":[{"start":{"line":97,"column":6},"end":{"line":97,"column":6}},{"start":{"line":97,"column":6},"end":{"line":97,"column":6}}]},"8":{"line":117,"type":"if","locations":[{"start":{"line":117,"column":6},"end":{"line":117,"column":6}},{"start":{"line":117,"column":6},"end":{"line":117,"column":6}}]},"9":{"line":140,"type":"if","locations":[{"start":{"line":140,"column":6},"end":{"line":140,"column":6}},{"start":{"line":140,"column":6},"end":{"line":140,"column":6}}]},"10":{"line":146,"type":"if","locations":[{"start":{"line":146,"column":6},"end":{"line":146,"column":6}},{"start":{"line":146,"column":6},"end":{"line":146,"column":6}}]},"11":{"line":159,"type":"if","locations":[{"start":{"line":159,"column":4},"end":{"line":159,"column":4}},{"start":{"line":159,"column":4},"end":{"line":159,"column":4}}]},"12":{"line":170,"type":"if","locations":[{"start":{"line":170,"column":6},"end":{"line":170,"column":6}},{"start":{"line":170,"column":6},"end":{"line":170,"column":6}}]},"13":{"line":170,"type":"binary-expr","locations":[{"start":{"line":170,"column":10},"end":{"line":170,"column":13}},{"start":{"line":170,"column":17},"end":{"line":170,"column":29}}]},"14":{"line":175,"type":"if","locations":[{"start":{"line":175,"column":6},"end":{"line":175,"column":6}},{"start":{"line":175,"column":6},"end":{"line":175,"column":6}}]},"15":{"line":191,"type":"if","locations":[{"start":{"line":191,"column":4},"end":{"line":191,"column":4}},{"start":{"line":191,"column":4},"end":{"line":191,"column":4}}]},"16":{"line":199,"type":"if","locations":[{"start":{"line":199,"column":4},"end":{"line":199,"column":4}},{"start":{"line":199,"column":4},"end":{"line":199,"column":4}}]},"17":{"line":199,"type":"binary-expr","locations":[{"start":{"line":199,"column":8},"end":{"line":199,"column":31}},{"start":{"line":199,"column":35},"end":{"line":199,"column":49}}]},"18":{"line":204,"type":"if","locations":[{"start":{"line":204,"column":6},"end":{"line":204,"column":6}},{"start":{"line":204,"column":6},"end":{"line":204,"column":6}}]},"19":{"line":244,"type":"if","locations":[{"start":{"line":244,"column":4},"end":{"line":244,"column":4}},{"start":{"line":244,"column":4},"end":{"line":244,"column":4}}]},"20":{"line":271,"type":"if","locations":[{"start":{"line":271,"column":4},"end":{"line":271,"column":4}},{"start":{"line":271,"column":4},"end":{"line":271,"column":4}}]},"21":{"line":317,"type":"if","locations":[{"start":{"line":317,"column"
[...]
":[{"start":{"line":27,"column":13},"end":{"line":27,"column":22}},{"start":{"line":27,"column":26},"end":{"line":27,"column":38}},{"start":{"line":27,"column":42},"end":{"line":27,"column":48}}]},"3":{"line":28,"type":"binary-expr","locations":[{"start":{"line":28,"column":13},"end":{"line":28,"column":25}},{"start":{"line":28,"column":29},"end":{"line":28,"column":35}}]}},"code":["var hoodie = require('../main');","","//","// $ hoodie install <plugins>","//","// Install hoodie plugins","//","// Options:","//","//  - `argv` {Object} is an optimist object.","//   - `callback` {Function} is a completion callback.","//     - `e` {Error} is null unless there was an error.","//","","module.exports = function(argv, callback) {","","  this.logo();","","  // display help on $ hoodie install","  if (argv._.length <= 0) {","    argv._.unshift('help');","    this.argv(argv, callback);","    return;","  }","","  var data = {","    plugins: argv._[1] || argv.plugins || argv.p,","    verbose: argv.verbose || argv.v,","    link: argv.link","  };","","  // install new plugin","  hoodie.install(data, function(err) {","    callback(err);","  });","","};",""],"l":{"1":1,"15":1,"17":0,"20":0,"21":0,"22":0,"23":0,"26":0,"33":0,"34":0}},"/home/travis/build/npmtest/node-npmtest-hoodie-cli/node_modules/hoodie-cli/lib/cli/uninstall.js":{"path":"/home/travis/build/npmtest/node-npmtest-hoodie-cli/node_modules/hoodie-cli/lib/cli/uninstall.js","s":{"1":1,"2":1,"3":0,"4":0,"5":0,"6":0,"7":0,"8":0,"9":0,"10":0},"b":{"1":[0,0],"2":[0,0,0],"3":[0,0]},"f":{"1":0,"2":0},"fnMap":{"1":{"name":"(anonymous_1)","line":15,"loc":{"start":{"line":15,"column":17},"end":{"line":15,"column":42}}},"2":{"name":"(anonymous_2)","line":32,"loc":{"start":{"line":32,"column":25},"end":{"line":32,"column":39}}}},"statementMap":{"1":{"start":{"line":1,"column":0},"end":{"line":1,"column":32}},"2":{"start":{"line":15,"column":0},"end":{"line":35,"column":2}},"3":{"start":{"line":17,"column":2},"end":{"line":17,"column":14}},"4":{"start":{"line":20,"column":2},"end":{"line":24,"column":3}},"5":{"start":{"line":21,"column":4},"end":{"line":21,"column":27}},"6":{"start":{"line":22,"column":4},"end":{"line":22,"column":30}},"7":{"start":{"line":23,"column":4},"end":{"line":23,"column":11}},"8":{"start":{"line":26,"column":2},"end":{"line":29,"column":4}},"9":{"start":{"line":32,"column":2},"end":{"line":34,"column":5}},"10":{"start":{"line":33,"column":4},"end":{"line":33,"column":18}}},"branchMap":{"1":{"line":20,"type":"if","locations":[{"start":{"line":20,"column":2},"end":{"line":20,"column":2}},{"start":{"line":20,"column":2},"end":{"line":20,"column":2}}]},"2":{"line":27,"type":"binary-expr","locations":[{"start":{"line":27,"column":13},"end":{"line":27,"column":22}},{"start":{"line":27,"column":26},"end":{"line":27,"column":38}},{"start":{"line":27,"column":42},"end":{"line":27,"column":48}}]},"3":{"line":28,"type":"binary-expr","locations":[{"start":{"line":28,"column":13},"end":{"line":28,"column":25}},{"start":{"line":28,"column":29},"end":{"line":28,"column":35}}]}},"code":["var hoodie = require('../main');","","//","// $ hoodie uninstall <plugins>","//","// Uninstall hoodie plugins","//","// Options:","//","//  - `argv` {Object} is an optimist object.","//   - `callback` {Function} is a completion callback.","//     - `e` {Error} is null unless there was an error.","//","","module.exports = function(argv, callback) {","","  this.logo();","","  // display help on $ hoodie uninstall","  if (argv._.length <= 0) {","    argv._.unshift('help');","    this.argv(argv, callback);","    return;","  }","","  var data = {","    plugins: argv._[1] || argv.plugins || argv.p,","    verbose: argv.verbose || argv.v","  };","","  // uninstall plugin","  hoodie.uninstall(data, function(err) {","    callback(err);","  });","};",""],"l":{"1":1,"15":1,"17":0,"20":0,"21":0,"22":0,"23":0,"26":0,"32":0,"33":0}},"/home/travis/build/npmtest/node-npmtest-hoodie-cli/node_modules/hoodie-cli/lib/cli/help.js":{"path":"/home/travis/build/npmtest/node-npmtest-hoodie-cli/node_modules/hoodie-cli/lib/cli/help.js","s":{"1":1,"2":1,"3":1,"4":1,"5":1,"6":1,"7":1,"8":1,"9":1,"10":1,"11":1,"12":1,"13":1,"14":1,"15":1},"b":{},"f":{"1":1},"fnMap":{"1":{"name":"(anonymous_1)","line":16,"loc":{"start":{"line":16,"column":17},"end":{"line":16,"column":42}}}},"statementMap":{"1":{"start":{"line":1,"column":0},"end":{"line":1,"column":27}},"2":{"start":{"line":2,"column":0},"end":{"line":2,"column":32}},"3":{"start":{"line":16,"column":0},"end":{"line":40,"column":2}},"4":{"start":{"line":18,"column":2},"end":{"line":18,"column":14}},"5":{"start":{"line":21,"column":2},"end":{"line":21,"column":64}},"6":{"start":{"line":22,"column":2},"end":{"line":22,"column":15}},"7":{"start":{"line":23,"column":2},"end":{"line":23,"column":11}},"8":{"start":{"line":26,"column":2},"end":{"line":26,"column":29}},"9":{"start":{"line":27,"column":2},"end":{"line":27,"column":23}},"10":{"start":{"line":28,"column":2},"end":{"line":28,"column":32}},"11":{"start":{"line":31,"column":2},"end":{"line":31,"column":43}},"12":{"start":{"line":34,"column":2},"end":{"line":34,"column":43}},"13":{"start":{"line":35,"column":2},"end":{"line":35,"column":46}},"14":{"start":{"line":37,"column":2},"end":{"line":37,"column":34}},"15":{"start":{"line":39,"column":2},"end":{"line":39,"column":17}}},"branchMap":{},"code":["var path = require('path');","var fs = require('graceful-fs');","","//","// $ hoodie help [command]","//","// Outputs the usage information for a given command.","// Each command documents the help information under /doc/cli/command.txt","//","// Options:","//","//   - `argv` {Object} is an optimist object.","//   - `callback` {Function} is null unless there is an error.","//","","module.exports = function(argv, callback) {","","  this.logo();","","  // help file directory","  var basepath = path.join(__dirname, '..', '..', 'doc', 'cli');","  var filepath;","  var data;","","  // filename format: command.command.txt","  filepath = argv._.slice(0);","  filepath.push('txt');","  filepath = filepath.join('.');","","  // full path","  filepath = path.join(basepath, filepath);","","  // get help info and replace $0 with process name","  data = fs.readFileSync(filepath, 'utf8');","  data = data.trim().replace(/\\$0/g, argv.$0);","","  console.log('\\n' + data + '\\n');","","  callback(null);","};",""],"l":{"1":1,"2":1,"16":1,"18":1,"21":1,"22":1,"23":1,"26":1,"27":1,"28":1,"31":1,"34":1,"35":1,"37":1,"39":1}},"/home/travis/build/npmtest/node-npmtest-hoodie-cli/node_modules/hoodie-cli/lib/cli/start.js":{"path":"/home/travis/build/npmtest/node-npmtest-hoodie-cli/node_modules/hoodie-cli/lib/cli/start.js","s":{"1":1,"2":1,"3":0,"4":0,"5":0,"6":0,"7":0,"8":0,"9":0,"10":0},"b":{"1":[0,0],"2":[0,0],"3":[0,0],"4":[0,0],"5":[0,0],"6":[0,0]},"f":{"1":0,"2":0},"fnMap":{"1":{"name":"(anonymous_1)","line":15,"loc":{"start":{"line":15,"column":17},"end":{"line":15,"column":42}}},"2":{"name":"(anonymous_2)","line":36,"loc":{"start":{"line":36,"column":21},"end":{"line":36,"column":35}}}},"statementMap":{"1":{"start":{"line":1,"column":0},"end":{"line":1,"column":32}},"2":{"start":{"line":15,"column":0},"end":{"line":40,"column":2}},"3":{"start":{"line":17,"column":2},"end":{"line":17,"column":14}},"4":{"start":{"line":20,"column":2},"end":{"line":24,"column":3}},"5":{"start":{"line":21,"column":4},"end":{"line":21,"column":27}},"6":{"start":{"line":22,"column":4},"end":{"line":22,"column":30}},"7":{"start":{"line":23,"column":4},"end":{"line":23,"column":11}},"8":{"start":{"line":27,"column":2},"end":{"line":33,"column":4}},"9":{"start":{"line":36,"column":2},"end":{"line":38,"column":5}},"10":{"start":{"line":37,"column":4},"end":{"line":37,"column":18}}},"branchMap":{"1":{"line":20,"type":"if","locations":[{"start":{"line":20,"column":2},"end":{"line":20,"column":2}},{"start":{"line":20,"column":2},"end":{"line":20,"column":2}}]},"2":{"line":28,"type":"binary-expr","locations":[{"start":{"line":28,"column":15},"end":{"line":28,"column":29}},{"start":{"line":28,"column":33},"end":{"line":28,"column":39}}]},"3":{"line":29,"type":"binary-expr","locations":[{"start":{"line":29,"column":9},"end":{"line":29,"column":17}},{"start":{"line":29,"column":21},"end":{"line":29,"column":27}}]},"4":{"line":30,"type":"binary-expr","locations":[{"start":{"line":30,"column":10},"end":{"line":30,"column":28}},{"start":{"line":30,"column":32},"end":{"line":30,"column":38}}]},"5":{"line":31,"type":"binary-expr","locations":[{"start":{"line":31,"column":20},"end":{"line":31,"column":40}},{"start":{"line":31,"column":44},"end":{"line":31,"column":50}}]},"6":{"line":32,"type":"binary-expr","locations":[{"start":{"line":32,"column":13},"end":{"line":32,"column":25}},{"start":{"line":32,"column":29},"end":{"line":32,"column":35}}]}},"code":["var hoodie = require('../main');","","//","// $ hoodie start","//","// Starts hoodie services.","//","// Options:","//","//   - `argv` {Object} is an optimist object.","//   - `callback` {Function} is a completion callback.","//     - `err` {Error} is null unless there was an error.","//","","module.exports = function(argv, callback) {","","  this.logo();","","  // display help on $ hoodie start","  if (argv._.length <= 0) {","    argv._.unshift('help');","    this.argv(argv, callback);","    return;","  }","","  // start args","  var data = {","    noBrowser: argv.noBrowser || argv.n,","    www: argv.www || argv.w,","    sudo: argv['allow-sudo'] || argv.s,","    'custom-ports': argv['custom-ports'] || argv.c,","    verbose: argv.verbose || argv.v","  };","","  // start hoodie services","  hoodie.start(data, function(err) {","    callback(err);","  });","","};",""],"l":{"1":1,"15":1,"17":0,"20":0,"21":0,"22":0,"23":0,"27":0,"36":0,"37":0}},"/home/travis/build/npmtest/node-npmtest-hoodie-cli/node_modules/hoodie-cli/lib/cli/reset.js":{"path":"/home/travis/build/npmtest/node-npmtest-hoodie-cli/node_modules/hoodie-cli/lib/cli/reset.js","s":{"1":1,"2":1,"3":0,"4":0,"5":0,"6":0,"7":0,"8":0,"9":0},"b":{"1":[0,0],"2":[0,0,0]},"f":{"1":0,"2":0},"fnMap":{"1":{"name":"(anonymous_1)","line":15,"loc":{"start":{"line":15,"column":17},"end":{"line":15,"column":42}}},"2":{"name":"(anonymous_2)","line":30,"loc":{"start":{"line":30,"column":21},"end":{"line":30,"column":35}}}},"statementMap":{"1":{"start":{"line":1,"column":0},"end":{"line":1,"column":32}},"2":{"start":{"line":15,"column":0},"end":{"line":34,"column":2}},"3":{"start":{"line":18,"column":2},"end":{"line":22,"column":3}},"4":{"start":{"line":19,"column":4},"end":{"line":19,"column":27}},"5":{"start":{"line":20,"column":4},"end":{"line":20,"column":30}},"6":{"start":{"line":21,"column":4},"end":{"line":21,"column":11}},"7":{"start":{"line":25,"column":2},"end":{"line":27,"column":4}},"8":{"start":{"line":30,"column":2},"end":{"line":32,"column":5}},"9":{"start":{"line":31,"column":4},"end":{"line":31,"column":18}}},"branchMap":{"1":{"line":18,"type":"if","locations":[{"start":{"line":18,"column":2},"end":{"line":18,"column":2}},{"start":{"line":18,"column":2},"end":{"line":18,"column":2}}]},"2":{"line":26,"type":"binary-expr","locations":[{"start":{"line":26,"column":14},"end":{"line":26,"column":23}},{"start":{"line":26,"column":27},"end":{"line":26,"column":40}},{"start":{"line":26,"column":44},"end":{"line":26,"column":50}}]}},"code":["var hoodie = require('../main');","","//","// $ hoodie reset <thing>","//","// Resets given config param.","//","// Options:","//","//   - `argv` {Object} is an optimist object.","//   - `callback` {Function} is a completion callback.","//     - `err` {Error} is null unless there was an error.","//","","module.exports = function(argv, callback) {","","  // display help on $ hoodie reset","  if (argv._.length <= 1) {","    argv._.unshift('help');","    this.argv(argv, callback);","    return;","  }","","  // project info","  var data = {","    password: argv._[2] || argv.password || argv.p","  };","","  // create the project","  hoodie.reset(data, function(err) {","    callback(err);","  });","","};",""],"l":{"1":1,"15":1,"18":0,"19":0,"20":0,"21":0,"25":0,"30":0,"31":0}},"/home/travis/build/npmtest/node-npmtest-hoodie-cli/node_modules/hoodie-cli/lib/cli/unknown.js":{"path":"/home/travis/build/npmtest/node-npmtest-hoodie-cli/node_modules/hoodie-cli/lib/cli/unknown.js","s":{"1":1,"2":1,"3":1,"4":0,"5":0,"6":0},"b":{},"f":{"1":0},"fnMap":{"1":{"name":"(anonymous_1)","line":15,"loc":{"start":{"line":15,"column":17},"end":{"line":15,"column":42}}}},"statementMap":{"1":{"start":{"line":1,"column":0},"end":{"line":1,"column":37}},"2":{"start":{"line":2,"column":0},"end":{"line":2,"column":27}},"3":{"start":{"line":15,"column":0},"end":{"line":27,"column":2}},"4":{"start":{"line":17,"column":2},"end":{"line":17,"column":14}},"5":{"start":{"line":19,"column":2},"end":{"line":24,"column":5}},"6":{"start":{"line":26,"column":2},"end":{"line":26,"column":13}}},"branchMap":{},"code":["var cnsl = require('./util/console');","var util = require('util');","","//","// $ hoodie noop","//","// Outputs that the command-line command is unsupported.","//","// Options:","//","//   - `argv` {Object} is an optimist object.","//   - `callback` {Function} is a completion callback.","//","","module.exports = function(argv, callback) {","","  this.logo();","","  cnsl.warn(util.format(","    '\\'%s\\' is not a %s command. See \\'%s help\\'',","    argv._[0],","    argv.$0,","    argv.$0","  ));","","  callback();","};",""],"l":{"1":1,"2":1,"15":1,"17":0,"19":0,"26":0}},"/home/travis/build/npmtest/node-npmtest-hoodie-cli/node_modules/hoodie-cli/lib/cli/version.js":{"path":"/home/travis/build/npmtest/node-npmtest-hoodie-cli/node_modules/hoodie-cli/lib/cli/version.js","s":{"1":1,"2":1,"3":1},"b":{},"f":{"1":1},"fnMap":{"1":{"name":"(anonymous_1)","line":9,"loc":{"start":{"line":9,"column":17},"end":{"line":9,"column":28}}}},"statementMap":{"1":{"start":{"line":1,"column":0},"end":{"line":1,"column":32}},"2":{"start":{"line":9,"column":0},"end":{"line":11,"column":2}},"3":{"start":{"line":10,"column":2},"end":{"line":10,"column":19}}},"branchMap":{},"code":["var hoodie = require('../main');","","//","// $ hoodie version","//","// Outputs the version to the console.","//","","module.exports = function() {","  hoodie.version();","};",""],"l":{"1":1,"9":1,"10":1}},"/home/travis/build/npmtest/node-npmtest-hoodie-cli/node_modules/hoodie-cli/lib/cli/logo.js":{"path":"/home/travis/build/npmtest/node-npmtest-hoodie-cli/node_modules/hoodie-cli/lib/cli/logo.js","s":{"1":1,"2":1,"3":1,"4":1,"5":8,"6":8,"7":8,"8":8,"9":8,"10":8,"11":8,"12":1},"b":{},"f":{"1":1,"2":8},"fnMap":{"1":{"name":"(anonymous_1)","line":3,"loc":{"start":{"line":3,"column":17},"end":{"line":3,"column":28}}},"2":{"name":"(anonymous_2)","line":18,"loc":{"start":{"line":18,"column":15},"end":{"line":18,"column":30}}}},"statementMap":{"1":{"start":{"line":1,"column":0},"end":{"line":1,"column":31}},"2":{"start":{"line":3,"column":0},"end":{"line":38,"column":2}},"3":{"start":{"line":5,"column":2},"end":{"line":16,"column":4}},"4":{"start":{"line":18,"column":2},"end":{"line":34,"column":5}},"5":{"start":{"line":19,"column":4},"end":{"line":19,"column":29}},"6":{"start":{"line":20,"column":4},"end":{"line":20,"column":30}},"7":{"start":{"line":21,"column":4},"end":{"line":21,"column":32}},"8":{"start":{"line":22,"column":4},"end":{"line":22,"column":32}},"9":{"start":{"line":23,"column":4},"end":{"line":23,"column":31}},"10":{"start":{"line":24,"column":4},"end":{"line":24,"column":29}},"11":{"start":{"line":26,"column":4},"end":{"line":33,"column":6}},"12":{"start":{"line":36,"column":2},"end":{"line":36,"column":17}}},"branchMap":{},"code":["var clc = require('cli-color');","","module.exports = function() {","","  var logo = [","  /* jshint ignore:start */","    [\"\", \"\", \"\", \"\", \"\", \"\"],","    [\".d$b.  .d$b.\", \"  .d$$$$$$b.  \", \"  .d$$$$$$b.  \", \".d$$$$$$b.  \",  \".d$b.\", \".d$$$$$$$$b.\"],","    [\"$$$$$..$$$$$\", \".$$$$$$$$$$$b \", \".$$$$$$$$$$$b \", \"$$$$$$$$$$b \",  \"$$$$$\", \"$$$$$$$$$$P'\"],","    [\"$$$$$$$$$$$$\", \"d$$$$$$$$$$$$b\", \"d$$$$$$$$$$$$b\", \"$$$$$$$$$$$b\",  \"$$$$$\", \"$$$$$$$$$$b.\"],","    [\"$$$$$$$$$$$$\", \"Q$$$$$$$$$$$$P\", \"Q$$$$$$$$$$$$P\", \"$$$$$$$$$$$P\",  \"$$$$$\", \"$$$$$$$$$$P'\"],","    [\"$$$$$´`$$$$$\", \"'$$$$$$$$$$$$'\", \"'$$$$$$$$$$$$'\", \"$$$$$$$$$$P \",  \"$$$$$\", \"$$$$$$$$$$b.\"],","    [\"'Q$P'  'Q$P'\", \"  'Q$$$$$$P'  \", \"  'Q$$$$$$P'  \", \"'Q$$$$$$$P  \",  \"'Q$P'\", \"'Q$$$$$$$$P'\"],","    [\"\", \"\", \"\", \"\", \"\", \"\"]","    /* jshint ignore:end */","  ];","","  logo.forEach(function(line) {","    var blue = clc.xterm(25);","    var green = clc.xterm(28);","    var yellow = clc.xterm(214);","    var orange = clc.xterm(202);","    var brown = clc.xterm(240);","    var red = clc.xterm(160);","","    console.log(","      blue(line[0]) +","      green(line[1]) +","      yellow(line[2]) +","      orange(line[3]) +","      brown(line[4]) +","      red(line[5])","    );","  });","","  this.version();","","};",""],"l":{"1":1,"3":1,"5":1,"18":1,"19":8,"20":8,"21":8,"22":8,"23":8,"24":8,"26":8,"36":1}},"/home/travis/build/npmtest/node-npmtest-hoodie-cli/node_modules/hoodie-cli/Gruntfile.js":{"path":"/home/travis/build/npmtest/node-npmtest-hoodie-cli/node_modules/hoodie-cli/Gruntfile.js","s":{"1":1,"2":0,"3":0,"4":0,"5":0,"6":0},"b":{},"f":{"1":0},"fnMap":{"1":{"name":"(anonymous_1)","line":3,"loc":{"start":{"line":3,"column":17},"end":{"line":3,"column":34}}}},"statementMap":{"1":{"start":{"line":3,"column":0},"end":{"line":43,"column":2}},"2":{"start":{"line":7,"column":2},"end":{"line":7,"column":37}},"3":{"start":{"line":10,"column":2},"end":{"line":37,"column":5}},"4":{"start":{"line":40,"column":2},"end":{"line":40,"column":61}},"5":{"start":{"line":41,"column":2},"end":{"line":41,"column":57}},"6":{"start":{"line":42,"column":2},"end":{"line":42,"column":42}}},"branchMap":{},"code":["/*global module:false*/","","module.exports = function (grunt) {","","  'use strict';","","  require('load-grunt-tasks')(grunt);","","  // Project configuration.","  grunt.initConfig({","","    jshint: {","      files: [","        'Gruntfile.js',","        'lib/**/*.js',","        'bin/*.js'","      ],","      options: {","        jshintrc: '.jshintrc'","      }","    },","","    simplemocha: {","      options: {","        reporter: 'spec',","        node_env: 'testing',","        ignoreLeaks: true","      },","      full: { src: ['spec/runner.js'] }","    },","","    watch: {","      files: ['<%= jshint.files %>'],","      tasks: 'jshint'","    }","","  });","","  // Default task.","  grunt.registerTask('test', ['jshint', 'simplemocha:full']);","  grunt.registerTask('ci', ['test', 'integration-test']);","  grunt.registerTask('default', ['test']);","};",""],"l":{"3":1,"7":0,"10":0,"40":0,"41":0,"42":0}},"/home/travis/build/npmtest/node-npmtest-hoodie-cli/node_modules/hoodie-cli/lib/hoodie/util/git.js":{"path":"/home/travis/build/npmtest/node-npmtest-hoodie-cli/node_modules/hoodie-cli/lib/hoodie/util/git.js","s":{"1":1,"2":1,"3":0,"4":0,"5":0},"b":{},"f":{"1":0},"fnMap":{"1":{"name":"(anonymous_1)","line":3,"loc":{"start":{"line":3,"column":14},"end":{"line":3,"column":26}}}},"statementMap":{"1":{"start":{"line":1,"column":0},"end":{"line":1,"column":31}},"2":{"start":{"line":3,"column":0},"end":{"line":13,"column":2}},"3":{"start":{"line":5,"column":2},"end":{"line":5,"column":32}},"4":{"start":{"line":9,"column":2},"end":{"line":9,"column":26}},"5":{"start":{"line":11,"column":2},"end":{"line":11,"column":14}}},"branchMap":{},"code":["var shell = require('shelljs');","","exports.bin = function () {","","  var path = shell.which('git');","","  // Add quotation in case the path contains a space","  // This happens on windows (c:\\program files\\nodejs\\...)","  path = '\"' + path + '\"';","","  return path;","","};",""],"l":{"1":1,"3":1,"5":0,"9":0,"11":0}}}